
ㄴ
 ㄴ
해석 시 유의사항   [주계약  약관] 제 1 절 공통사항  
ㄴ
 ㄴ
ㄴ제 1 관 목적 및 용어의  정의 
 ㄴ
 ㄴ
 
제 1-1 조 목적 및 구성 
 ㄴ
 
제 1-2 조 용어의  정의 
ㄴ 제 2 관 보험금의  지급 
 ㄴ
 
제 1-3 조 보험금  지급사유의  발생통지  
 ㄴ
 
제 1-4 조 보험금  등의 청구 
 ㄴ
 
제 1-5 조 주소변경통지  
 ㄴ
 
제 1-6 조 대표자의  지정 
ㄴ제 3 관 계약자의  계약 전 알릴 의무 등 
 ㄴ
 ㄴ
 
제 1-7 조 계약 전 알릴 의무 
 ㄴ
 
제 1-8 조 계약 전 알릴 의무 위반의  효과 
 ㄴ
 
제 1-9 조 사기에  의한 계약 
ㄴ제 4 관 보험계약의  성립과  유지 
 ㄴ
 ㄴ
 
제 1-10 조 보험계약의  성립 
 ㄴ
 
제 1-11 조 청약의  철회 
 ㄴ
 
제 1-12 조 약관교부  및 설명의무  등 
 ㄴ
 
제 1-13 조 계약의  무효 
 ㄴ
 
제 1-14 조 계약내용의  변경 등 
ㄴ제 5 관 보험료의  납입 
 ㄴ
 ㄴ
 
제 1-16 조 제1회 보험료  및 회사의  보장개시  
 ㄴ
 
제 1-17 조 제2회 이후 보험료의  납입 
 ㄴ
 
제 1-19 조 보험료의  납입이  연체되는  경우 납입최고 (독촉)와 계약의  해지 
 ㄴ
 
제 1-20 조 보험료의  납입연체로  인하여  해지된  계약의  부활(효력회복 ) 
 ㄴ
 
제 1-21 조 강제집행  등으로  인하여  해지된  계약의  특별부활 (효력회복 ) 
ㄴ제 6 관 계약의  해지 및 해약환급금  등 
 ㄴ
 ㄴ
 
제 1-22 조 위법계약의  해지 
 ㄴ
 
제 1-23 조 중대사유로  인한 해지 
 ㄴ
 ㄴ
 
제 1-25 조 보험계약대출  
 ㄴ
ㄴ제 7 관 분쟁의  조정 등 
 ㄴ
 ㄴ
 
제 1-27 조 분쟁의  조정 
 ㄴ
 ㄴ
 
제 1-29 조 소멸시효  
 ㄴ
 ㄴ
 
제 1-31 조 설명서  교부 및 보험안내자료  등의 효력 
 ㄴ
 
제 1-32 조 회사의  손해배상책임  
 ㄴ
 
제 1-33 조 개인정보보호  
 ㄴ
 ㄴ
 
제 1-35 조 예금보험에  의한 지급보장  
제 1 절 공통사항  
ㄴ
 ㄴ
제 2 절 개별사항 e 
ㄴ
 ㄴ
ㄴ제 1 관 용어의  정의 등 
 ㄴ
 ㄴ
 
제 2-1 조 용어의  정의 
ㄴ제 2 관 보험금의  지급 및 계약자의  계약 전 알릴 의무 등 
 ㄴ
 ㄴ
 
제 2-2 조 한국표준질병·사인분류  적용 기준 
 ㄴ
 
제 2-2 조의 2 ‘3대기관  양성신생물  및 폴립’ 및 ‘9대기관  양성신생물 ’의 정의 및 진단 확정 
 ㄴ
 
제 2-2 조의 3 ‘수술’의 정의와  장소 
 ㄴ
 
제 2-2 조의 4 ‘납입면제의  대상이  되는 암(기타피부암 , 중증이외의  갑상선암 , 대장점막내암 , 유방암  제외)’
 ㄴ
 
제 2-3 조 보험금의  지급사유  
 ㄴ
 
제 2-5 조 보험금  지급 및 보험료  납입면제에  관한 세부규정  
 ㄴ
 ㄴ
 
제 2-7 조 보험금을  지급하지  않는 사유 
 ㄴ
 ㄴ
 
제 2-9 조 보험금  등의 지급절차  
 ㄴ
 ㄴ
 ㄴ
 
제 2-10 조의 3 “계약 전 알릴 의무 위반의  효과”에 대한 특칙 
ㄴ제 3 관 계약의  성립과  유지 및 보험료의  납입 등 
 ㄴ
 ㄴ
 
제 2-11 조의 2 “보험계약의  성립”에 대한 특칙 
 ㄴ
 ㄴ
 
제 2-11 조의 4 계약의  갱신 
 ㄴ
 
제 2-11 조의 5 갱신계약  보험료의  납입 
 ㄴ
 
제 2-12 조의 2 “제1회 보험료  및 회사의  보장개시 ”에 대한 특칙 
 ㄴ
ㄴ제 4 관 계약의 해지 및 해약환급금  등 
 ㄴ
 
제 2-13 조 계약자의  임의해지  
 ㄴ
 
제 2-14 조 해약환급금  
ㄴ제 5 관 비흡연체형  적용에  관한 사항 
 ㄴ
 ㄴ
 
제 2-15 조의 2 흡연상태  변경통지  및 흡연상태의  변경이  있을 때의 처리 
제 1 절 공통사항  
ㄴ
 ㄴ
제 2 절 개별사항  
ㄴ
 ㄴ
ㄴ제 1 관 용어의  정의 등 
 ㄴ
 ㄴ
 
제 2-1 조 용어의  정의 
ㄴ제 2 관 보험금의  지급 및 계약자의  계약 전 알릴 의무 등 
 ㄴ
 ㄴ
 
제 2-2 조 한국표준질병·사인분류  적용 기준 
 ㄴ
 
제 2-2 조의 2 '급여 특정 차세대염기서열분석 (NGS) 기반 유전자  패널검사 '의 정의 및 장소  
 ㄴ
 
제 2-2 조의 3 법령 등의 개정에  따른 계약 내용의  변경 
 ㄴ
 
제 2-2 조의 4 ‘납입면제의  대상이  되는 암(기타피부암 , 중증이외의  갑상선암 , 대장점막내암 , 유방암  제외)’
 ㄴ
 ㄴ
 
제 2-4 조 보험료  납입면제  사유 
 ㄴ
 
제 2-5 조 보험금  지급 및 보험료  납입면제에  관한 세부규정  
 ㄴ
 ㄴ
 
제 2-7 조 보험금을  지급하지  않는 사유 
 ㄴ
 
제 2-8 조 사고증명서  
 ㄴ
 
제 2-9 조 보험금  등의 지급절차  
 ㄴ
 ㄴ
 ㄴ
 
제 2-10 조의 3 “계약 전 알릴 의무 위반의  효과”에 대한 특칙 
ㄴ제 3 관 계약의  성립과  유지 및 보험료의  납입 등 
 ㄴ
 
제 2-11 조 계약의  보험기간  
 ㄴ
 
제 2-11 조의 2 “보험계약의  성립”에 대한 특칙 
 ㄴ
 ㄴ
 
제 2-11 조의 4 계약의  갱신 
 ㄴ
 ㄴ
 
제 2-12 조 계약의  소멸 
 ㄴ
 
제 2-12 조의 2 “제1회 보험료  및 회사의  보장개시 ”에 대한 특칙 
 ㄴ
ㄴ제 4 관 계약의 해지 및 해약환급금  등 
 ㄴ
 
제 2-13 조 계약자의  임의해지  
 ㄴ
 
제 2-14 조 해약환급금  
ㄴ제 5 관 비흡연체형  적용에  관한 사항 
 ㄴ
 ㄴ
 
제 2-15 조 피보험자의  비흡연체형  가입자격  
 ㄴ
 
제 2-15 조의 2 흡연상태  변경통지  및 흡연상태의  변경이  있을 때의 처리 
제 1 절 공통사항  
ㄴ
 ㄴ
제 2 절 개별사항  
ㄴ
 ㄴ
ㄴ제 1 관 용어의  정의 등 
 ㄴ
 ㄴ
 
제 2-1 조 용어의  정의 
ㄴ 제 2 관 보험금의  지급 및 계약자의  계약 전 알릴 의무 등 
 ㄴ
 ㄴ
 
제 2-2 조 한국표준질병·사인분류  적용 기준 
 ㄴ
 
제 2-2 조의 2 ‘간암, 담낭암 , 기타담도암  및 췌장암 ’의 정의 및 진단 확정 
 ㄴ
 
제 2-2 조의 3 ‘납입면제의  대상이  되는 암(기타피부암 , 중증이외의  갑상선암 , 대장점막내암 , 유방암  제외)’
 ㄴ
 ㄴ
 
제 2-4 조 보험료  납입면제  사유 
 ㄴ
 
제 2-5 조 보험금  지급 및 보험료  납입면제에  관한 세부규정  
 ㄴ
 ㄴ
 
제 2-7 조 보험금을  지급하지  않는 사유 
 ㄴ
 ㄴ
 
제 2-9 조 보험금  등의 지급절차  
 ㄴ
 ㄴ
 ㄴ
 
제 2-10 조의 3 “계약 전 알릴 의무 위반의  효과”에 대한 특칙 
ㄴ제 3 관 계약의 성립과  유지 및 보험료의  납입 등 
 ㄴ
 
제 2-11 조 계약의 보험기간  
 ㄴ
 
제 2-11 조의 2 “보험계약의  성립”에 대한 특칙 
 ㄴ
 
제 2-11 조의 3 “계약의 무효”에 대한 특칙 
 ㄴ
 ㄴ
 
제 2-11 조의 5 계약의  갱신 
 ㄴ
 ㄴ
 
제 2-12 조 계약의  소멸 
 ㄴ
 
제 2-12 조의 2 “제1회 보험료  및 회사의  보장개시 ”에 대한 특칙 
 ㄴ
 ㄴ
 
제 2-12 조의 4 계약의  취소 
ㄴ제 4 관 계약의 해지 및 해약환급금  등 
 ㄴ
 
제 2-13 조 계약자의  임의해지  
 ㄴ
 
제 2-14 조 해약환급금  
ㄴ제 5 관 비흡연체형  적용에  관한 사항 
 ㄴ
 ㄴ
 
제 2-15 조 피보험자의  비흡연체형  가입자격  
 ㄴ
 
제 2-15 조의 2 흡연상태  변경통지  및 흡연상태의  변경이  있을 때의 처리 
제 1 절 공통사항  
ㄴ
 ㄴ
제 2 절 개별사항  
ㄴ
 ㄴ
ㄴ제 1 관 용어의  정의 등 
 ㄴ
 ㄴ
 
제 2-1 조 용어의  정의 
ㄴ제 2 관 보험금의  지급 및 계약자의  계약 전 알릴 의무 등 
 ㄴ
 ㄴ
 
제 2-2 조 한국표준질병·사인분류  적용 기준 
 ㄴ
 
제 2-2 조의 2 갑상선  바늘생검  조직병리진단의  정의 
 ㄴ
 
제 2-2 조의 3 ‘납입면제의  대상이  되는 암(기타피부암 , 중증이외의  갑상선암 , 대장점막내암 , 유방암  제외)’
 ㄴ
 ㄴ
 
제 2-4 조 보험료  납입면제  사유 
 ㄴ
 
제 2-5 조 보험금  지급 및 보험료  납입면제에  관한 세부규정  
 ㄴ
 ㄴ
 
제 2-7 조 보험금을  지급하지  않는 사유 
 ㄴ
 ㄴ
 
제 2-9 조 보험금  등의 지급절차  
 ㄴ
 ㄴ
 
제 2-10 조의 3 “계약 전 알릴 의무 위반의  효과”에 대한 특칙 
ㄴ제 3 관 계약의  성립과  유지 및 보험료의  납입 등 
 ㄴ
 
제 2-11 조 계약의  보험기간  
 ㄴ
 
제 2-11 조의 2 “보험계약의  성립”에 대한 특칙 
 ㄴ
 ㄴ
 
제 2-11 조의 4 계약의  갱신 
 ㄴ
 ㄴ
 
제 2-12 조 계약의  소멸 
 ㄴ
 
제 2-12 조의 2 “제1회 보험료  및 회사의  보장개시 ”에 대한 특칙 
 ㄴ
ㄴ제 4 관 계약의 해지 및 해약환급금  등 
 ㄴ
 
제 2-13 조 계약자의  임의해지  
 ㄴ
 
제 2-14 조 해약환급금  
ㄴ제 5 관 비흡연체형  적용에  관한 사항 
 ㄴ
 ㄴ
 
제 2-15 조 피보험자의  비흡연체형  가입자격  
 ㄴ
 
제 2-15 조의 2 흡연상태  변경통지  및 흡연상태의  변경이  있을 때의 처리 
제 1 절 공통사항  
ㄴ
 ㄴ
제 2 절 개별사항  
ㄴ
 ㄴ
ㄴ제 1 관 용어의  정의 등 
 ㄴ
 ㄴ
 
제 2-1 조 용어의  정의 
ㄴ제 2 관 보험금의  지급 및 계약자의  계약 전 알릴 의무 등 
 ㄴ
 ㄴ
 
제 2-2 조 한국표준질병·사인분류  적용 기준 
 ㄴ
 
제 2-2 조의 2 '갑상선기능항진증 ' 및 ‘갑상선기능항진증치료 ’의 정의 및 진단확정  
 ㄴ
 
제 2-2 조의 3 수술의  정의와  장소 
 ㄴ
 
제 2-2 조의 4 ‘납입면제의  대상이  되는 암(기타피부암 , 중증이외의  갑상선암 , 대장점막내암 , 유방암  제외)’
 ㄴ
 ㄴ
 
제 2-4 조 보험료  납입면제  사유 
 ㄴ
 
제 2-5 조 보험금  지급 및 보험료  납입면제에  관한 세부규정  
 ㄴ
 ㄴ
 
제 2-7 조 보험금을  지급하지  않는 사유 
 ㄴ
 ㄴ
 
제 2-9 조 보험금  등의 지급절차  
 ㄴ
 ㄴ
 ㄴ
 
제 2-10 조의 3 “계약 전 알릴 의무 위반의  효과”에 대한 특칙 
ㄴ제 3 관 계약의  성립과  유지 및 보험료의  납입 등 
 ㄴ
 
제 2-11 조 계약의  보험기간  
 ㄴ
 
제 2-11 조의 2 “보험계약의  성립”에 대한 특칙 
 ㄴ
 ㄴ
 
제 2-11 조의 4 계약의  갱신 
 ㄴ
 ㄴ
 
제 2-12 조 계약의  소멸 
 ㄴ
 
제 2-12 조의 2 “제1회 보험료  및 회사의  보장개시 ”에 대한 특칙 
 ㄴ
ㄴ제 4 관 계약의 해지 및 해약환급금  등 
 ㄴ
 
제 2-13 조 계약자의  임의해지  
 ㄴ
 
제 2-14 조 해약환급금  
ㄴ제 5 관 비흡연체형  적용에  관한 사항 
 ㄴ
 ㄴ
 
제 2-15 조 피보험자의  비흡연체형  가입자격  
 ㄴ
 
제 2-15 조의 2 흡연상태  변경통지  및 흡연상태의  변경이  있을 때의 처리 
제 1 절 공통사항 
ㄴ
 ㄴ
제 2 절 개별사항  
ㄴ
 ㄴ
ㄴ제 1 관 용어의  정의 등 
 ㄴ
 ㄴ
 
제 2-1 조 용어의  정의 
ㄴ제 2 관 보험금의  지급 및 계약자의  계약 전 알릴 의무 등 
 ㄴ
 ㄴ
 
제 2-2 조의 2 ‘갑상선암 ’의 정의 및 진단 확정 
 ㄴ
 
제 2-2 조의 3 ‘납입면제의  대상이  되는 암(유방암 , 기타피부암 , 대장점막내암  제외)’의 정의 및 진단 확정 
 ㄴ
 
제 2-2 조의 4 '갑상선암  수술'의 정의와  장소 
 ㄴ
 
제 2-2 조의 5 '갑상선 암호르몬 약물치료제 ' 및 '갑상선암호르몬약물허가치료 '의 정의 
 ㄴ
 ㄴ
 
제 2-4 조 보험료  납입면제  사유 
 ㄴ
 
제 2-5 조 보험금  지급 및 보험료  납입면제 에 관한 세부규정  
 ㄴ
 ㄴ
 
제 2-7 조 보험금을  지급하지  않는 사유 
 ㄴ
 
제 2-8 조 사고증명서  
 ㄴ
 
제 2-9 조 보험금  등의 지급절차  
 ㄴ
 ㄴ
 ㄴ
 
제 2-10 조의 3 “계약 전 알릴 의무 위반의  효과”에 대한 특칙 
ㄴ제 3 관 계약의  성립과  유지 및 보험료의  납입 등 
 ㄴ
 
제 2-11 조 계약의 보험기간  
 ㄴ
 
제 2-11 조의 2 “보험계약의  성립”에 대한 특칙 
 ㄴ
 ㄴ
 ㄴ
 
제 2-11 조의 5 계약의  갱신 
 ㄴ
 ㄴ
 
제 2-12 조 계약의  소멸 
 ㄴ
 
제 2-12 조의 2 “제1회 보험료  및 회사의  보장개시 ”에 대한 특칙 
 ㄴ
 ㄴ
 
제 2-12 조의 4 계약의 취소 
 ㄴ
ㄴ제 4 관 계약의  해지 및 해약환급금  등 
 ㄴ
 
제 2-13 조 계약자의  임의해지  
 ㄴ
 
제 2-14 조 해약환급금  
ㄴ제 5 관 비흡연체형  적용에  관한 사항 
 ㄴ
 ㄴ
 
제 2-15 조 피보험자의  비흡연체형  가입자격  
 ㄴ
 
제 2-15 조의 2 흡연상태  변경통지  및 흡연상태의  변경이  있을 때의 처리 
제 1 절 공통사항  
ㄴ
 ㄴ
제 2 절 개별사항  
ㄴ
 ㄴ
ㄴ제 1 관 용어의  정의 등 
 ㄴ
 ㄴ
 
제 2-1 조 용어의  정의 
ㄴ제 2 관 보험금의  지급 및 계약자의  계약 전 알릴 의무 등 
 ㄴ
 ㄴ
 
제 2-2 조 한국표준질병·사인분류  적용 기준 
 ㄴ
 ㄴ
 
제 2-2 조의 3 ‘급여 자기공명영상진단 (MRI) 검사’의 정의 
 ㄴ
 
제 2-2 조의 4 법령 등의 개정에  따른 계약 내용의  변경 
 ㄴ
 
제 2-2 조의 5 ‘납입면제의  대상이  되는 암(기타피부암 , 중증이외의  갑상선암 , 대장점막내암 , 유방암  제외)’
 ㄴ
 ㄴ
 
제 2-4 조 보험료  납입면제  사유 
 ㄴ
 
제 2-5 조 보험금  지급 및 보험료  납입면제에  관한 세부규정  
 ㄴ
 ㄴ
 
제 2-7 조 보험금을  지급하지  않는 사유 
 ㄴ
 
제 2-9 조 보험금  등의 지급절차  
 ㄴ
 ㄴ
 ㄴ
 
제 2-10 조의 3 “계약 전 알릴 의무 위반의  효과”에 대한 특칙 
ㄴ제 3 관 계약의  성립과  유지 및 보험료의  납입 등 
 ㄴ
 
제 2-11 조 계약의  보험기간  
 ㄴ
 
제 2-11 조의 2 “보험계약의  성립”에 대한 특칙 
 ㄴ
 ㄴ
 
제 2-11 조의 4 계약의  갱신 
 ㄴ
 ㄴ
 
제 2-12 조 계약의  소멸 
 ㄴ
 
제 2-12 조의 2 “제1회 보험료  및 회사의  보장개시 ”에 대한 특칙 
ㄴ제 4 관 계약의 해지 및 해약환급금  등 
 ㄴ
 
제 2-13 조 계약자의  임의해지  
 ㄴ
 
제 2-14 조 해약환급금  
ㄴ제 5 관 비흡연체형  적용에  관한 사항 
 ㄴ
 ㄴ
 
제 2-15 조 피보험자의  비흡연체형  가입자격  
 ㄴ
 
제 2-15 조의 2 흡연상태  변경통지  및 흡연상태의  변경이  있을 때의 처리 
제 1 절 공통사항  
ㄴ
 ㄴ
제 2 절 개별사항  
ㄴ
 ㄴ
ㄴ제 1 관 용어의  정의 등 
 ㄴ
 ㄴ
 
제 2-1 조 용어의  정의 
ㄴ제 2 관 보험금의  지급 및 계약자의  계약 전 알릴 의무 등 
 ㄴ
 ㄴ
 
제 2-2 조 한국표준질병·사인분류  적용 기준 
 ㄴ
 
제 2-2 조의 2 ‘암’의 정의 및 진단 확정 
 ㄴ
 
제 2-2 조의 3 '제자리암 '의 정의 및 진단 확정 
 ㄴ
 
제 2-2 조의 4 '경계성종양 '의 정의 및 진단 확정 
 ㄴ
 
제 2-2 조의 5 ‘급여 내시경검사 ’의 정의 
 ㄴ
 
제 2-2 조의 6 법령 등의 개정에  따른 계약 내용의  변경 
 ㄴ
 
제 2-2 조의 7 ‘납입면제의  대상이  되는 암(기타피부암 , 중증이외의  갑상선암 , 대장점막내암 , 유방암  제외)’
 ㄴ
 ㄴ
 
제 2-4 조 보험료  납입면제  사유 
 ㄴ
 
제 2-5 조 보험금  지급 및 보험료  납입면제에  관한 세부규정  
 ㄴ
 ㄴ
 
제 2-7 조 보험금을  지급하지  않는 사유 
 ㄴ
 ㄴ
 
제 2-9 조 보험금  등의 지급절차  
 ㄴ
 ㄴ
 ㄴ
 
제 2-10 조의 3 “계약 전 알릴 의무 위반의  효과”에 대한 특칙 
ㄴ제 3 관 계약의  성립과  유지 및 보험료의  납입 등 
 ㄴ
 
제 2-11 조 계약의  보험기간  
 ㄴ
 
제 2-11 조의 2 “보험계약의  성립”에 대한 특칙 
 ㄴ
 ㄴ
 
제 2-11 조의 4 계약의  갱신 
 ㄴ
 ㄴ
 
제 2-12 조 계약의  소멸 
 ㄴ
 
제 2-12 조의 2 “제1회 보험료  및 회사의  보장개시 ”에 대한 특칙 
 ㄴ
ㄴ제 4 관 계약의 해지 및 해약환급금  등 
 ㄴ
 
제 2-13 조 계약자의  임의해지  
 ㄴ
 
제 2-14 조 해약환급금  
ㄴ제 5 관 비흡연체형  적용에  관한 사항 
 ㄴ
 ㄴ
 
제 2-15 조 피보험자의  비흡연체형  가입자격  
 ㄴ
 
제 2-15 조의 2 흡연상태  변경통지  및 흡연상태의  변경이  있을 때의 처리 
제 1 절 공통사항  
ㄴ
 ㄴ
제 2 절 개별사항  
ㄴ
 ㄴ
ㄴ제 1 관 용어의  정의 등 
 ㄴ
 ㄴ
 
제 2-1 조 용어의  정의 
ㄴ제 2 관 보험금의  지급 및 계약자의  계약 전 알릴 의무 등 
 ㄴ
 ㄴ
 
제 2-2 조의 2 ‘암’의 정의 및 진단 확정 
 ㄴ
 ㄴ
 ㄴ
 
제 2-2 조의 5 법령 등의 개정에  따른 계약 내용의  변경 
 ㄴ
 
제 2-2 조의 6 ‘납입면제의  대상이  되는 암(기타피부암 , 대장점막내암 , 중증이외의  갑상선암 , 유방암  제외)’
 ㄴ
 
제 2-3 조 보험금의  지급사유  
 ㄴ
 
제 2-5 조 보험금  지급 및 보험료  납입면제에  관한 세부규정  
 ㄴ
 ㄴ
 
제 2-7 조 보험금을  지급하지  않는 사유 
 ㄴ
 ㄴ
 
제 2-9 조 보험금  등의 지급절차  
 ㄴ
 ㄴ
 ㄴ
 
제 2-10 조의 3 “계약 전 알릴 의무 위반의  효과”에 대한 특칙 
ㄴ제 3 관 계약의  성립과  유지 및 보험료의  납입 등 
 ㄴ
 
제 2-11 조 계약의  보험기간  
 ㄴ
 
제 2-11 조의 2 “보험계약의  성립”에 대한 특칙 
 ㄴ
 ㄴ
 ㄴ
 
제 2-11 조의 5 계약의  갱신 
 ㄴ
 ㄴ
 
제 2-12 조 계약의  소멸 
 ㄴ
 
제 2-12 조의 2 “제1회 보험료  및 회사의  보장개시 ”에 대한 특칙 
 ㄴ
 ㄴ
 
제 2-12 조의 4 계약의  취소 
 ㄴ
ㄴ제 4 관 계약의 해지 및 해약환급금  등 
 ㄴ
 
제 2-13 조 계약자의  임의해지  
 ㄴ
 
제 2-14 조 해약환급금  
ㄴ제 5 관 비흡연체형  적용에  관한 사항 
 ㄴ
 ㄴ
 
제 2-15 조 피보험자의  비흡연체형  가입자격  
 ㄴ
 
제 2-15 조의 2 흡연상태  변경통지  및 흡연상태의  변경이  있을 때의 처리 
제 1 절 공통사항 
ㄴ
 ㄴ
제 2 절 개별사항  
ㄴ
 ㄴ
ㄴ제 1 관 용어의  정의 등 
 ㄴ
 ㄴ
 
제 2-1 조 용어의  정의 
ㄴ 제 2 관 보험금의  지급 및 계약자의  계약 전 알릴 의무 등 
 ㄴ
 ㄴ
 
제 2-2 조 한국표준질병·사인분류  적용 기준 
 ㄴ
 
제 2-2 조의 2 ‘암(기타피부암 , 갑상선암  제외)'의 정의 및 진단 확정 
 ㄴ
 ㄴ
 
제 2-2 조의 4 법령 등의 개정에  따른 계약 내용의  변경 
 ㄴ
 
제 2-2 조의 5 ‘납입면제의  대상이  되는 암(기타피부암 , 중증이외의  갑상선암 , 대장점막내암 , 유방암  제외)’
 ㄴ
 
제 2-3 조 보험금의  지급사유  
 ㄴ
 
제 2-4 조 보험료  납입면제  사유 
 ㄴ
 
제 2-5 조 보험금  지급 및 보험료  납입면제 에 관한 세부규정  
 ㄴ
 ㄴ
 
제 2-7 조 보험금을  지급하지  않는 사유 
 ㄴ
 ㄴ
 
제 2-9 조 보험금  등의 지급절차  
 ㄴ
 ㄴ
 ㄴ
 
제 2-10 조의 3 “계약 전 알릴 의무 위반의  효과”에 대한 특칙 
ㄴ제 3 관 계약의  성립과  유지 및 보험료의  납입 등 
 ㄴ
 
제 2-11 조 계약의 보험기간  
 ㄴ
 
제 2-11 조의 2 “보험계약의  성립”에 대한 특칙 
 ㄴ
 
제 2-11 조의 3 “계약의 무효”에 대한 특칙 
 ㄴ
 ㄴ
 
제 2-11 조의 5 계약의  갱신 
 ㄴ
 ㄴ
 
제 2-12 조 계약의  소멸 
 ㄴ
 
제 2-12 조의 2 “제1회 보험료  및 회사의  보장개시 ”에 대한 특칙 
 ㄴ
 ㄴ
 
제 2-12 조의 4 계약의 취소 
 ㄴ
ㄴ제 4 관 계약의  해지 및 해약환급금  등 
 ㄴ
 ㄴ
 
제 2-13 조 계약자의  임의해지  
ㄴ제 5 관 비흡연체형  적용에  관한 사항 
 ㄴ
 ㄴ
 
제 2-15 조 피보험자의  비흡연체형  가입자격  
 ㄴ
 
제 2-15 조의 2 흡연상태  변경통지  및 흡연상태의  변경이  있을 때의 처리 
제 1 절 공통사항 
ㄴ
 ㄴ
제 2 절 개별사항  
ㄴ
 ㄴ
ㄴ제 1 관 용어의  정의 등 
 ㄴ
 ㄴ
 
제 2-1 조 용어의  정의 
ㄴ제 2 관 보험금의  지급 및 계약자의  계약 전 알릴 의무 등 
 ㄴ
 ㄴ
 
제 2-2 조 한국표준질병·사인분류  적용 기준 
 ㄴ
 
제 2-2 조의 2 ‘암(기타피부암  및 갑상선암  제외)’의 정의 및 진단 확정 
 ㄴ
 
제 2-2 조의 4 ‘갑상선암 ’의 정의 및 진단 확정 
 ㄴ
 
제 2-2 조의 5 '입원' 및 '통원'의 정의와  장소 
 ㄴ
 
제 2-2 조의 6 '급여 재활치료 '의 정의 
 ㄴ
 ㄴ
 
제 2-2 조의 8 '급여 암 특정재활치료 '의 정의 
 ㄴ
 
제 2-2 조의 9 '급여 기타피부암  및 갑상선암  특정재활치료 '의 정의 
 ㄴ
 
제 2-2 조의 10 법령 등의 개정에  따른 계약 내용의  변경 
 ㄴ
 
제 2-2 조의 11 ‘납입면제의  대상이  되는 암(기타피부암 , 중증이외의  갑상선암 , 대장점막내암 , 유방암  제
 ㄴ
 
제 2-3 조 보험금의  지급사유  
 ㄴ
 
제 2-4 조 보험료  납입면제  사유 
 ㄴ
 
제 2-5 조 보험금  지급 및 보험료  납입면제에  관한 세부규정  
 ㄴ
 
제 2-7 조 보험금을  지급하지  않는 사유 
 ㄴ
 ㄴ
 
제 2-9 조 보험금  등의 지급절차  
 ㄴ
 ㄴ
 ㄴ
 
제 2-10 조의 3 “계약 전 알릴 의무 위반의  효과”에 대한 특칙 
ㄴ제 3 관 계약의 성립과  유지 및 보험료의  납입 등 
 ㄴ
 
제 2-11 조 계약의 보험기간  
 ㄴ
 
제 2-11 조의 2 “보험계약의  성립”에 대한 특칙 
 ㄴ
 ㄴ
 
제 2-11 조의 5 계약의  갱신 
 ㄴ
 ㄴ
 
제 2-12 조 계약의  소멸 
 ㄴ
 
제 2-12 조의 2 “제1회 보험료  및 회사의  보장개시 ”에 대한 특칙 
 ㄴ
 ㄴ
 
제 2-12 조의 4 계약의  취소 
 ㄴ
ㄴ제 4 관 계약의  해지 및 해약환급금  등 
 ㄴ
 ㄴ
 
제 2-13 조 계약자의  임의해지  
ㄴ제 5 관 비흡연체형  적용에  관한 사항 
 ㄴ
 ㄴ
 
제 2-15 조 피보험자의  비흡연체형  가입자격  
 ㄴ
 
제 2-15 조의 2 흡연상태  변경통지  및 흡연상태의  변경이  있을 때의 처리 
제 1 절 공통사항 
ㄴ
 ㄴ
제 2 절 개별사항  
ㄴ
 ㄴ
ㄴ제 1 관 용어의  정의 등 
 ㄴ
 ㄴ
 
제 2-1 조 용어의  정의 
ㄴ 제 2 관 보험금의  지급 및 계약자의  계약 전 알릴 의무 등 
 ㄴ
 ㄴ
 
제 2-2 조 한국표준질병·사인분류  적용 기준 
 ㄴ
 
제 2-2 조의 2 ‘암(기타피부암  및 갑상선암  제외)'의 정의 및 진단 확정 
 ㄴ
 
제 2-2 조의 4 법령 등의 개정에  따른 계약 내용의  변경 
 ㄴ
 
제 2-2 조의 5 ‘납입면제의  대상이  되는 암(기타피부암 , 중증이외의  갑상선암 , 대장점막내암 , 유방암  제외)’
 ㄴ
 
제 2-3 조 보험금의  지급사유  
 ㄴ
 
제 2-4 조 보험료  납입면제  사유 
 ㄴ
 
제 2-5 조 보험금  지급 및 보험료  납입면제 에 관한 세부규정  
 ㄴ
 ㄴ
 
제 2-7 조 보험금을  지급하지  않는 사유 
 ㄴ
 
제 2-8 조 사고증명서  
 ㄴ
 ㄴ
 ㄴ
 
제 2-10 조의 3 “계약 전 알릴 의무 위반의  효과”에 대한 특칙 
ㄴ제 3 관 계약의  성립과  유지 및 보험료의  납입 등 
 ㄴ
 
제 2-11 조 계약의 보험기간  
 ㄴ
 
제 2-11 조의 2 “보험계약의  성립”에 대한 특칙 
 ㄴ
 
제 2-11 조의 3 “계약의 무효”에 대한 특칙 
 ㄴ
 
제 2-11 조의 4 “계약내용의  변경 등”에 대한 특칙 
 ㄴ
 ㄴ
 
제 2-12 조 계약의  소멸 
 ㄴ
 
제 2-12 조의 2 “제1회 보험료  및 회사의  보장개시 ”에 대한 특칙 
 ㄴ
 ㄴ
 
제 2-12 조의 4 계약의 취소 
 ㄴ
ㄴ제 4 관 계약의  해지 및 해약환급금  등 
 ㄴ
 
제 2-13 조 계약자의  임의해지  
 ㄴ
 
제 2-14 조 해약환급금  
ㄴ제 5 관 비흡연체형  적용에  관한 사항 
 ㄴ
 ㄴ
 
제 2-15 조 피보험자의  비흡연체형  가입자격  
제 1 절 공통사항  
ㄴ
 ㄴ
제 2 절 개별사항  
ㄴ
 ㄴ
ㄴ제 1 관 용어의  정의 등 
 ㄴ
 ㄴ
 
제 2-1 조 용어의  정의 
ㄴ제 2 관 보험금의  지급 및 계약자의  계약 전 알릴 의무 등 
 ㄴ
 ㄴ
 
제 2-2 조의 2 ‘암’의 정의 및 진단 확정 
 ㄴ
 
제 2-2 조의 3 '급여 특정 항구토제 '의 정의 및 투약처방  
 ㄴ
 
제 2-2 조의 4 법령 등의 개정에  따른 계약 내용의  변경 
 ㄴ
 
제 2-2 조의 5 ‘납입면제의  대상이  되는 암(기타피부암 , 중증이외의  갑상선암 , 대장점막내암 , 유방암  제외)’
 ㄴ
 ㄴ
 
제 2-4 조 보험료  납입면제  사유 
 ㄴ
 
제 2-5 조 보험금  지급 및 보험료  납입면제에  관한 세부규정  
 ㄴ
 ㄴ
 
제 2-7 조 보험금을  지급하지  않는 사유 
 ㄴ
 
제 2-8 조 사고증명서  
 ㄴ
 
제 2-9 조 보험금  등의 지급절차  
 ㄴ
 
제 2-10 조 보험수익자의  지정 
 ㄴ
 
제 2-10 조의 3 “계약 전 알릴 의무 위반의  효과”에 대한 특칙 
ㄴ제 3 관 계약의  성립과  유지 및 보험료의  납입 등 
 ㄴ
 
제 2-11 조 계약의  보험기간  
 ㄴ
 
제 2-11 조의 2 “보험계약의  성립”에 대한 특칙 
 ㄴ
 ㄴ
 ㄴ
 
제 2-11 조의 5 계약의  갱신 
 ㄴ
 ㄴ
 
제 2-12 조 계약의  소멸 
 ㄴ
 
제 2-12 조의 2 “제1회 보험료  및 회사의  보장개시 ”에 대한 특칙 
 ㄴ
 ㄴ
 
제 2-12 조의 4 계약의  취소 
 ㄴ
ㄴ제 4 관 계약의 해지 및 해약환급금  등 
 ㄴ
 
제 2-13 조 계약자의  임의해지  
 ㄴ
 
제 2-14 조 해약환급금  
ㄴ제 5 관 비흡연체형  적용에  관한 사항 
 ㄴ
 ㄴ
 
제 2-15 조 피보험자의  비흡연체형  가입자격  
 ㄴ
 
제 2-15 조의 2 흡연상태  변경통지  및 흡연상태의  변경이  있을 때의 처리 
제 1 절 공통사항  
ㄴ
 ㄴ
제 2 절 개별사항  
ㄴ
 ㄴ
ㄴ제 1 관 용어의  정의 등 
 ㄴ
 ㄴ
 
제 2-1 조 용어의  정의 
ㄴ제 2 관 보험금의  지급 및 계약자의  계약 전 알릴 의무 등 
 ㄴ
 ㄴ
 
제 2-2 조 한국표준질병·사인분류  적용 기준 
 ㄴ
 
제 2-2 조의 2 ‘급여 양전자단층촬영 (PET) 검사’의 정의 
 ㄴ
 
제 2-2 조의 3 법령 등의 개정에  따른 계약 내용의  변경 
 ㄴ
 
제 2-2 조의 4 ‘납입면제의  대상이  되는 암(기타피부암 , 중증이외의  갑상선암 , 대장점막내암 , 유방암  제외)’
 ㄴ
 ㄴ
 
제 2-4 조 보험료  납입면제  사유 
 ㄴ
 
제 2-5 조 보험금  지급 및 보험료  납입면제에  관한 세부규정  
 ㄴ
 ㄴ
 
제 2-7 조 보험금을  지급하지  않는 사유 
 ㄴ
 ㄴ
 
제 2-9 조 보험금  등의 지급절차  
 ㄴ
 ㄴ
 ㄴ
 
제 2-10 조의 3 “계약 전 알릴 의무 위반의  효과”에 대한 특칙 
ㄴ제 3 관 계약의  성립과  유지 및 보험료의  납입 등 
 ㄴ
 
제 2-11 조 계약의  보험기간  
 ㄴ
 
제 2-11 조의 2 “보험계약의  성립”에 대한 특칙 
 ㄴ
 ㄴ
 
제 2-11 조의 4 계약의  갱신 
 ㄴ
 ㄴ
 
제 2-12 조 계약의  소멸 
 ㄴ
 
제 2-12 조의 2 “제1회 보험료  및 회사의  보장개시 ”에 대한 특칙 
 ㄴ
ㄴ제 4 관 계약의 해지 및 해약환급금  등 
 ㄴ
 
제 2-13 조 계약자의  임의해지  
 ㄴ
 
제 2-14 조 해약환급금  
ㄴ제 5 관 비흡연체형  적용에  관한 사항 
 ㄴ
 ㄴ
 
제 2-15 조 피보험자의  비흡연체형  가입자격  
 ㄴ
 
제 2-15 조의 2 흡연상태  변경통지  및 흡연상태의  변경이  있을 때의 처리 
제 1 절 공통사항  
ㄴ
 ㄴ
제 2 절 개별사항  
ㄴ
 ㄴ
ㄴ제 1 관 용어의  정의 등 
 ㄴ
 ㄴ
 
제 2-1 조 용어의  정의 
ㄴ제 2 관 보험금의  지급 및 계약자의  계약 전 알릴 의무 등 
 ㄴ
 ㄴ
 
제 2-2 조 한국표준질병·사인분류  적용 기준 
 ㄴ
 
제 2-2 조의 2 ‘급여 유방 바늘생검  조직병리진단 ’의 정의 
 ㄴ
 
제 2-2 조의 3 법령 등의 개정에  따른 계약 내용의  변경 
 ㄴ
 
제 2-2 조의 4 ‘납입면제의  대상이  되는 암(기타피부암 , 중증이외의  갑상선암 , 대장점막내암 , 유방암  제외)’
 ㄴ
 ㄴ
 
제 2-4 조 보험료  납입면제  사유 
 ㄴ
 
제 2-5 조 보험금  지급 및 보험료  납입면제에  관한 세부규정  
 ㄴ
 ㄴ
 
제 2-7 조 보험금을  지급하지  않는 사유 
 ㄴ
 ㄴ
 
제 2-9 조 보험금  등의 지급절차  
 ㄴ
 ㄴ
 ㄴ
 
제 2-10 조의 3 “계약 전 알릴 의무 위반의  효과”에 대한 특칙 
ㄴ제 3 관 계약의  성립과  유지 및 보험료의  납입 등 
 ㄴ
 
제 2-11 조 계약의  보험기간  
 ㄴ
 
제 2-11 조의 2 “보험계약의  성립”에 대한 특칙 
 ㄴ
 ㄴ
 
제 2-11 조의 4 계약의  갱신 
 ㄴ
 ㄴ
 
제 2-12 조 계약의  소멸 
 ㄴ
 
제 2-12 조의 2 “제1회 보험료  및 회사의  보장개시 ”에 대한 특칙 
 ㄴ
ㄴ제 4 관 계약의 해지 및 해약환급금  등 
 ㄴ
 
제 2-13 조 계약자의  임의해지  
 ㄴ
 
제 2-14 조 해약환급금  
ㄴ제 5 관 비흡연체형  적용에  관한 사항 
 ㄴ
 ㄴ
 
제 2-15 조 피보험자의  비흡연체형  가입자격  
 ㄴ
 
제 2-15 조의 2 흡연상태  변경통지  및 흡연상태의  변경이  있을 때의 처리 
제 1 절 공통사항  
ㄴ
 ㄴ
제 2 절 개별사항  
ㄴ
 ㄴ
ㄴ제 1 관 용어의  정의 등 
 ㄴ
 ㄴ
 
제 2-1 조 용어의  정의 
ㄴ제 2 관 보험금의  지급 및 계약자의  계약 전 알릴 의무 등 
 ㄴ
 ㄴ
 
제 2-2 조의 2 ‘남성생식기암 ’의 정의 및 진단 확정 
 ㄴ
 
제 2-2 조의 3 ‘납입면제의  대상이  되는 암(기타피부암 , 중증이외의  갑상선암 , 대장점막내암 , 유방암  제외)’
 ㄴ
 ㄴ
 
제 2-4 조 보험료  납입면제  사유 
 ㄴ
 
제 2-5 조 보험금  지급 및 보험료  납입면제에  관한 세부규정  
 ㄴ
 ㄴ
 
제 2-7 조 보험금을  지급하지  않는 사유 
 ㄴ
 ㄴ
 
제 2-9 조 보험금  등의 지급절차  
 ㄴ
 ㄴ
 ㄴ
 
제 2-10 조의 3 “계약 전 알릴 의무 위반의  효과”에 대한 특칙 
ㄴ제 3 관 계약의 성립과  유지 및 보험료의  납입 등 
 ㄴ
 
제 2-11 조 계약의 보험기간  
 ㄴ
 
제 2-11 조의 2 “보험계약의  성립”에 대한 특칙 
 ㄴ
 ㄴ
 ㄴ
 
제 2-11 조의 5 계약의  갱신 
 ㄴ
 ㄴ
 
제 2-12 조 계약의  소멸 
 ㄴ
 
제 2-12 조의 2 “제1회 보험료  및 회사의  보장개시 ”에 대한 특칙 
 ㄴ
 ㄴ
 
제 2-12 조의 4 계약의  취소 
 ㄴ
ㄴ제 4 관 계약의 해지 및 해약환급금  등 
 ㄴ
 
제 2-13 조 계약자의  임의해지  
 ㄴ
 
제 2-14 조 해약환급금  
ㄴ제 5 관 비흡연체형  적용에  관한 사항 
 ㄴ
 ㄴ
 
제 2-15 조 피보험자의  비흡연체형  가입자격  
 ㄴ
 
제 2-15 조의 2 흡연상태  변경통지  및 흡연상태의  변경이  있을 때의 처리 
제 1 절 공통사항  
ㄴ
 ㄴ
제 2 절 개별사항  
ㄴ
 ㄴ
ㄴ제 1 관 용어의  정의 등 
 ㄴ
 ㄴ
 
제 2-1 조 용어의  정의 
ㄴ제 2 관 보험금의  지급 및 계약자의  계약 전 알릴 의무 등 
 ㄴ
 ㄴ
 
제 2-2 조 한국표준질병·사인분류  적용 기준 
 ㄴ
 
제 2-2 조의 2 ‘남성 특정 생식기질환 ’, ‘특정 비뇨기계질환 ’, ‘남성 방광 결석’ 및 ‘탈장’의 정의 및 진단확정  
 ㄴ
 
제 2-2 조의 3 수술의  정의와  장소 
 ㄴ
 
제 2-2 조의 4 ‘납입면제의  대상이  되는 암(기타피부암 , 중증이외의  갑상선암 , 대장점막내암 , 유방암  제외)’
 ㄴ
 
제 2-3 조 보험금의  지급사유  
 ㄴ
 
제 2-4 조 보험료  납입면제  사유 
 ㄴ
 
제 2-5 조 보험금  지급 및 보험료  납입면제에  관한 세부규정  
 ㄴ
 ㄴ
 
제 2-7 조 보험금을  지급하지  않는 사유 
 ㄴ
 ㄴ
 
제 2-9 조 보험금  등의 지급절차  
 ㄴ
 ㄴ
 ㄴ
 
제 2-10 조의 3 “계약 전 알릴 의무 위반의  효과”에 대한 특칙 
ㄴ제 3 관 계약의  성립과  유지 및 보험료의  납입 등 
 ㄴ
 ㄴ
 
제 2-11 조의 2 “보험계약의  성립”에 대한 특칙 
 ㄴ
 
제 2-11 조의 3 세부보장의  운영에  관한 사항 
 ㄴ
 ㄴ
 
제 2-11 조의 5 계약의  갱신 
 ㄴ
 ㄴ
 
제 2-12 조 계약의  소멸 
 ㄴ
 
제 2-12 조의 2 “제1회 보험료  및 회사의  보장개시 ”에 대한 특칙 
 ㄴ
ㄴ제 4 관 계약의 해지 및 해약환급금  등 
 ㄴ
 
제 2-13 조 계약자의  임의해지  
 ㄴ
 
제 2-14 조 해약환급금  
ㄴ제 5 관 비흡연체형  적용에  관한 사항 
 ㄴ
 ㄴ
 
제 2-15 조 피보험자의  비흡연체형  가입자격  
 ㄴ
 
제 2-15 조의 2 흡연상태  변경통지  및 흡연상태의  변경이  있을 때의 처리 
제 1 절 공통사항 
ㄴ
 ㄴ
제 2 절 개별사항  
ㄴ
 ㄴ
ㄴ제 1 관 용어의  정의 등 
 ㄴ
 ㄴ
 
제 2-1 조 용어의  정의 
ㄴ  제 2 관 보험금의  지급 및 계약자의  계약 전 알릴 의무 등 
 ㄴ
 ㄴ
 
제 2-2 조 한국표준질병·사인분류  적용 기준 
 ㄴ
 
제 2-2 조의 2 ‘암’의 정의 및 진단 확정 
 ㄴ
 
제 2-2 조의 3 '말기환자 ', ‘호스피스전문기관 ’ 및 ‘호스피스완화의료 ’의 정의 
 ㄴ
 
제 2-2 조의 4 법령 등의 개정에  따른 계약 내용의  변경 
 ㄴ
 
제 2-2 조의 5 ‘납입면제의  대상이  되는 암(기타피부암 , 중증이외의  갑상선암 , 대장점막내암 , 유방암  제외)’
 ㄴ
 
제 2-3 조 보험금의  지급사유  
 ㄴ
 
제 2-5 조 보험금  지급 및 보험료  납입면제에  관한 세부규정  
 ㄴ
 ㄴ
 
제 2-7 조 보험금을  지급하지  않는 사유 
 ㄴ
 ㄴ
 
제 2-9 조 보험금  등의 지급절차  
 ㄴ
 ㄴ
 ㄴ
 
제 2-10 조의 3 “계약 전 알릴 의무 위반의  효과”에 대한 특칙 
ㄴ제 3 관 계약의 성립과  유지 및 보험료의  납입 등 
 ㄴ
 
제 2-11 조 계약의 보험기간  
 ㄴ
 
제 2-11 조의 2 “보험계약의  성립”에 대한 특칙 
 ㄴ
 ㄴ
 
제 2-11 조의 5 계약의  갱신 
 ㄴ
 ㄴ
 
제 2-12 조 계약의  소멸 
 ㄴ
 
제 2-12 조의 2 “제1회 보험료  및 회사의  보장개시 ”에 대한 특칙 
 ㄴ
 ㄴ
 
제 2-12 조의 4 계약의  취소 
 ㄴ
ㄴ제 4 관 계약의  해지 및 해약환급금  등 
 ㄴ
 
제 2-13 조 계약자의  임의해지  
 ㄴ
 
제 2-14 조 해약환급금  
ㄴ제 5 관 비흡연체형  적용에  관한 사항 
 ㄴ
 ㄴ
 
제 2-15 조 피보험자의  비흡연체형  가입자격  
 ㄴ
 
제 2-15 조의 2 흡연상태  변경통지  및 흡연상태의  변경이  있을 때의 처리 
제 1 절 공통사항  
ㄴ
 ㄴ
제 2 절 개별사항  
ㄴ
 ㄴ
ㄴ제 1 관 용어의  정의 등 
 ㄴ
 ㄴ
 
제 2-1 조 용어의  정의 
ㄴ 제 2 관 보험금의  지급 및 계약자의  계약 전 알릴 의무 등 
 ㄴ
 ㄴ
 
제 2-2 조 한국표준질병·사인분류  적용 기준 
 ㄴ
 
제 2-2 조의 2 ‘암(기타피부암 , 갑상선암  제외)’의 정의 및 진단 확정 
 ㄴ
 
제 2-2 조의 3 입원의 정의와  장소 
 ㄴ
 
제 2-2 조의 4 종합병원의  정의 
 ㄴ
 
제 2-2 조의 5 상급종합병원의  정의 
 ㄴ
 
제 2-2 조의 6 ‘암(기타피부암 , 갑상선암  제외)의 직접적인  치료’의  정의 
 ㄴ
 
제 2-2 조의 7 법령 등의 개정에  따른 계약 내용의  변경 
 ㄴ
 
제 2-2 조의 8 ‘납입면제의  대상이  되는 암(기타피부암 , 중증이외의  갑상선암 , 대장점막내암 , 유방암  제외)’
 ㄴ
 ㄴ
 
제 2-4 조 보험료  납입면제  사유 
 ㄴ
 
제 2-5 조 보험금  지급 및 보험료  납입면제에  관한 세부규정  
 ㄴ
 ㄴ
 
제 2-7 조 보험금을  지급하지  않는 사유 
 ㄴ
 ㄴ
 
제 2-9 조 보험금  등의 지급절차  
 ㄴ
 ㄴ
 ㄴ
 
제 2-10 조의 3 “계약 전 알릴 의무 위반의  효과”에 대한 특칙 
ㄴ제 3 관 계약의  성립과  유지 및 보험료의  납입 등 
 ㄴ
 ㄴ
 
제 2-11 조의 2 “보험계약의  성립”에 대한 특칙 
 ㄴ
 
제 2-11 조의 3 “계약의  무효”에 대한 특칙 
 ㄴ
 ㄴ
 
제 2-11 조의 5 계약의  갱신 
 ㄴ
 ㄴ
 
제 2-12 조 계약의  소멸 
 ㄴ
 
제 2-12 조의 2 “제1회 보험료  및 회사의  보장개시 ”에 대한 특칙 
 ㄴ
 ㄴ
 
제 2-12 조의 4 계약의  취소 
 ㄴ
ㄴ제 4 관 계약의 해지 및 해약환급금  등 
 ㄴ
 
제 2-13 조 계약자의  임의해지  
 ㄴ
 
제 2-14 조 해약환급금  
ㄴ제 5 관 비흡연체형  적용에  관한 사항 
 ㄴ
 ㄴ
 
제 2-15 조 피보험자의  비흡연체형  가입자격  
 ㄴ
 
제 2-15 조의 2 흡연상태  변경통지  및 흡연상태의  변경이  있을 때의 처리 
제 1 절 공통사항  
ㄴ
 ㄴ
제 2 절 개별사항  
ㄴ
 ㄴ
ㄴ제 1 관 용어의  정의 등 
 ㄴ
 ㄴ
 
제 2-1 조 용어의  정의 
ㄴ제 2 관 보험금의  지급 및 계약자의  계약 전 알릴 의무 등 
 ㄴ
 ㄴ
 
제 2-2 조 한국표준질병·사인분류  적용 기준 
 ㄴ
 
제 2-2 조의 2 ‘암(기타피부 암, 대장점막내암  제외)’의 정의 및 진단확정  
 ㄴ
 
제 2-2 조의 3 기타피부암의  정의 및 진단확정  
 ㄴ
 
제 2-2 조의 4 대장점막내암의  정의 및 진단확정  
 ㄴ
 
제 2-2 조의 5 제자리암의  정의 및 진단확정  
 ㄴ
 
제 2-2 조의 6 경계성종양의  정의 및 진단확정  
 ㄴ
 
제 2-2 조의 7 통원의  정의와  장소 
 ㄴ
 
제 2-2 조의 8 종합병원의  정의 
 ㄴ
 
제 2-2 조의 9 상급종합병원의  정의 
 ㄴ
 
제 2-2 조의 10 ‘암(기타피부암 , 대장점막내암  제외), 기타피부암 , 대장점막내암 , 제자리암  또는 경계성종양의  
 ㄴ
 
제 2-2 조의 11 법령 등의 개정에  따른 계약 내용의  변경 
 ㄴ
 
제 2-2 조의 12 ‘납입면제의  대상이  되는 암(기타피부암 , 중증이외의  갑상선암 , 대장점막내암 , 유방암  제
 ㄴ
 
제 2-4 조 보험료  납입면제  사유 
 ㄴ
 
제 2-5 조 보험금  지급 및 보험료  납입면제에  관한 세부규정  
 ㄴ
 ㄴ
 
제 2-7 조 보험금을  지급하지  않는 사유 
 ㄴ
 ㄴ
 
제 2-9 조 보험금  등의 지급절차  
 ㄴ
 ㄴ
 ㄴ
 
제 2-10 조의 3 “계약 전 알릴 의무 위반의  효과”에 대한 특칙 
ㄴ제 3 관 계약의  성립과  유지 및 보험료의  납입 등 
 ㄴ
 
제 2-11 조 계약의  보험기간  
 ㄴ
 
제 2-11 조의 2 “보험계약의  성립”에 대한 특칙 
 ㄴ
 
제 2-11 조의 3 “계약의  무효”에 대한 특칙 
 ㄴ
 ㄴ
 
제 2-11 조의 5 계약의  갱신 
 ㄴ
 ㄴ
 
제 2-12 조 계약의  소멸 
 ㄴ
 
제 2-12 조의 2 “제1회 보험료  및 회사의  보장개시 ”에 대한 특칙 
 ㄴ
ㄴ제 4 관 계약의 해지 및 해약환급금  등 
 ㄴ
 
제 2-13 조 계약자의  임의해지  
 ㄴ
 
제 2-14 조 해약환급금  
ㄴ제 5 관 비흡연체형  적용에  관한 사항 
 ㄴ
 ㄴ
 
제 2-15 조 피보험자의  비흡연체형  가입자격  
 ㄴ
 
제 2-15 조의 2 흡연상태  변경통지  및 흡연상태의  변경이  있을 때의 처리 
제 1 절 공통사항  
ㄴ
 ㄴ
제 2 절 개별사항  
ㄴ
 ㄴ
ㄴ제 1 관 용어의  정의 등 
 ㄴ
 ㄴ
 
제 2-1 조 용어의  정의 
ㄴ제 2 관 보험금의  지급 및 계약자의  계약 전 알릴 의무 등 
 ㄴ
 ㄴ
 
제 2-2 조 한국표준질병·사인분류  적용 기준 
 ㄴ
 
제 2-2 조의 2 ‘소액질병’의 정의 및 진단 확정 
 ㄴ
 
제 2-2 조의 4 ‘조혈모세포이식수술 ’의 정의 
 ㄴ
 
제 2-2 조의 5 ‘납입면제의  대상이  되는 암(유방암  제외), 제자리암  및 경계성종양 ’의 정의 및 진단 확정 
 ㄴ
 
제 2-3 조 보험금의  지급사유  
 ㄴ
 
제 2-4 조 보험료  납입면제  사유 
 ㄴ
 
제 2-5 조 보험금  지급 및 보험료  납입면제에  관한 세부규정  
 ㄴ
 ㄴ
 
제 2-7 조 보험금을  지급하지  않는 사유 
 ㄴ
 ㄴ
 
제 2-9 조 보험금  등의 지급절차  
 ㄴ
 ㄴ
 ㄴ
 
제 2-10 조의 3 “계약 전 알릴 의무 위반의  효과”에 대한 특칙 
ㄴ제 3 관 계약의  성립과  유지 및 보험료의  납입 등 
 ㄴ
 
제 2-11 조 계약의  보험기간  
 ㄴ
 
제 2-11 조의 2 “보험계약의  성립”에 대한 특칙 
 ㄴ
 
제 2-11 조의 3 세부보장의  운영에  관한 사항 
 ㄴ
 ㄴ
 
제 2-11 조의 5 계약의  갱신 
 ㄴ
 ㄴ
 
제 2-12 조 계약의  소멸 
 ㄴ
 
제 2-12 조의 2 “제1회 보험료  및 회사의  보장개시 ”에 대한 특칙 
 ㄴ
ㄴ제 4 관 계약의 해지 및 해약환급금  등 
 ㄴ
 ㄴ
 
제 2-14 조 해약환급금  
ㄴ제 5 관 비흡연체형  적용에  관한 사항 
 ㄴ
 ㄴ
 
제 2-15 조 피보험자의  비흡연체형  가입자격  
 ㄴ
 
제 2-15 조의 2 흡연상태  변경통지  및 흡연상태의  변경이  있을 때의 처리 
제 1 절 공통사항  
ㄴ
 ㄴ
제 2 절 개별사항  
ㄴ
 ㄴ
ㄴ제 1 관 용어의  정의 등 
 ㄴ
 ㄴ
 
제 2-1 조 용어의  정의 
ㄴ 제 2 관 보험금의  지급 및 계약자의  계약 전 알릴 의무 등 
 ㄴ
 ㄴ
 
제 2-2 조 한국표준질병·사인분류  적용 기준 
 ㄴ
 
제 2-2 조의 2 ‘신장암 , 신우암 , 요관암  및 방광암 ’의 정의 및 진단 확정 
 ㄴ
 
제 2-2 조의 3 ‘납입면제의  대상이  되는 암(기타피부암 , 중증이외의  갑상선암 , 대장점막내암 , 유방암  제외)’
 ㄴ
 ㄴ
 
제 2-4 조 보험료  납입면제  사유 
 ㄴ
 
제 2-5 조 보험금  지급 및 보험료  납입면제에  관한 세부규정  
 ㄴ
 ㄴ
 
제 2-7 조 보험금을  지급하지  않는 사유 
 ㄴ
 ㄴ
 
제 2-9 조 보험금  등의 지급절차  
 ㄴ
 ㄴ
 ㄴ
 
제 2-10 조의 3 “계약 전 알릴 의무 위반의  효과”에 대한 특칙 
ㄴ제 3 관 계약의 성립과  유지 및 보험료의  납입 등 
 ㄴ
 
제 2-11 조 계약의 보험기간  
 ㄴ
 
제 2-11 조의 2 “보험계약의  성립”에 대한 특칙 
 ㄴ
 
제 2-11 조의 3 “계약의 무효”에 대한 특칙 
 ㄴ
 ㄴ
 
제 2-11 조의 5 계약의  갱신 
 ㄴ
 ㄴ
 
제 2-12 조 계약의  소멸 
 ㄴ
 
제 2-12 조의 2 “제1회 보험료  및 회사의  보장개시 ”에 대한 특칙 
 ㄴ
 ㄴ
 
제 2-12 조의 4 계약의  취소 
ㄴ제 4 관 계약의 해지 및 해약환급금  등 
 ㄴ
 
제 2-13 조 계약자의  임의해지  
 ㄴ
 
제 2-14 조 해약환급금  
ㄴ제 5 관 비흡연체형  적용에  관한 사항 
 ㄴ
 ㄴ
 
제 2-15 조 피보험자의  비흡연체형  가입자격  
 ㄴ
 
제 2-15 조의 2 흡연상태  변경통지  및 흡연상태의  변경이  있을 때의 처리 
제 1 절 공통사항  
ㄴ
 ㄴ
제 2 절 개별사항  
ㄴ
 ㄴ
ㄴ제 1 관 용어의  정의 등 
 ㄴ
 ㄴ
 
제 2-1 조 용어의  정의 
ㄴ제 2 관 보험금의  지급 및 계약자의  계약 전 알릴 의무 등 
 ㄴ
 ㄴ
 
제 2-2 조의 2 ‘암(갑상선암  및 전립선암  제외)’의 정의 및 진단 확정 
 ㄴ
 
제 2-2 조의 3 '갑상선암 '의 정의 및 진단 확정 
 ㄴ
 
제 2-2 조의 4 '전립선암 '의 정의 및 진단 확정 
 ㄴ
 
제 2-2 조의 5 수술의  정의와  장소 
 ㄴ
 
제 2-2 조의 6 '다빈치로봇  수술'의 정의 
 ㄴ
 
제 2-2 조의 8 ‘납입면제의  대상이  되는 암’의 정의 및 진단 확정 
 ㄴ
 
제 2-3 조 보험금의  지급사유  
 ㄴ
 
제 2-4 조 보험료  납입면제  사유 
 ㄴ
 
제 2-5 조 보험금  지급 및 보험료  납입면제에  관한 세부규정  
 ㄴ
 ㄴ
 
제 2-7 조 보험금을  지급하지  않는 사유 
 ㄴ
 
제 2-8 조 사고증명서  
 ㄴ
 
제 2-9 조 보험금  등의 지급절차  
 ㄴ
 ㄴ
 ㄴ
 
제 2-10 조의 3 “계약 전 알릴 의무 위반의  효과”에 대한 특칙 
ㄴ제 3 관 계약의  성립과  유지 및 보험료의  납입 등 
 ㄴ
 
제 2-11 조 계약의  보험기간  
 ㄴ
 
제 2-11 조의 2 “보험계약의  성립”에 대한 특칙 
 ㄴ
 
제 2-11 조의 3 세부보장의  운영에  관한 사항 
 ㄴ
 
제 2-11 조의 4 “계약의  무효”에 대한 특칙 
 ㄴ
 ㄴ
 
제 2-11 조의 6 계약의  갱신 
 ㄴ
 ㄴ
 
제 2-12 조 계약의  소멸 
 ㄴ
 
제 2-12 조의 2 “제1회 보험료  및 회사의  보장개시 ”에 대한 특칙 
 ㄴ
 ㄴ
 
제 2-12 조의 4 계약의  취소 
 ㄴ
ㄴ제 4 관 계약의 해지 및 해약환급금  등 
 ㄴ
 
제 2-13 조 계약자의  임의해지  
 ㄴ
 
제 2-14 조 해약환급금  
ㄴ제 5 관 비흡연체형  적용에  관한 사항 
 ㄴ
 ㄴ
 
제 2-15 조 피보험자의  비흡연체형  가입자격  
 ㄴ
 
제 2-15 조의 2 흡연상태  변경통지  및 흡연상태의  변경이  있을 때의 처리 
제 1 절 공통사항  
ㄴ
 ㄴ
제 2 절 개별사항  
ㄴ
 ㄴ
ㄴ제 1 관 용어의  정의 등 
 ㄴ
 ㄴ
 
제 2-1 조 용어의  정의 
ㄴ제 2 관 보험금의  지급 및 계약자의  계약 전 알릴 의무 등 
 ㄴ
 ㄴ
 
제 2-2 조 한국표준질병·사인분류  적용 기준 
 ㄴ
 
제 2-2 조의 2 ‘암(기타피부암 , 대장점막내암  제외)’의 정의 및 진단 확정 
 ㄴ
 
제 2-2 조의 3 '기타피부암 '의 정의 및 진단 확정 
 ㄴ
 
제 2-2 조의 4 '대장점막내암 '의 정의 및 진단 확정 
 ㄴ
 
제 2-2 조의 5 '제자리암 '의 정의 및 진단 확정 
 ㄴ
 
제 2-2 조의 6 '경계성종양 '의 정의 및 진단 확정 
 ㄴ
 
제 2-2 조의 8 수술의  정의와  장소 
 ㄴ
 
제 2-2 조의 9 ‘조혈모세포이식수술’의  정의 
 ㄴ
 
제 2-3 조 보험금의  지급사유  
 ㄴ
 
제 2-5 조 보험금  지급 및 보험료  납입면제 에 관한 세부규정  
 ㄴ
 ㄴ
 
제 2-7 조 보험금을  지급하지  않는 사유 
 ㄴ
 ㄴ
 
제 2-9 조 보험금  등의 지급절차  
 ㄴ
 ㄴ
 ㄴ
 
제 2-10 조의 3 “계약 전 알릴 의무 위반의  효과”에 대한 특칙 
ㄴ제 3 관 계약의  성립과  유지 및 보험료의  납입 등 
 ㄴ
 
제 2-11 조 계약의  보험기간  
 ㄴ
 
제 2-11 조의 2 “보험계약의  성립”에 대한 특칙 
 ㄴ
 
제 2-11 조의 3 “계약의  무효”에 대한 특칙 
 ㄴ
 ㄴ
 
제 2-11 조의 5 계약의  갱신 
 ㄴ
 ㄴ
 
제 2-12 조 계약의  소멸 
 ㄴ
 
제 2-12 조의 2 “제1회 보험료  및 회사의  보장개시 ”에 대한 특칙 
 ㄴ
ㄴ제 4 관 계약의  해지 및 해약환급금  등 
 ㄴ
 
제 2-13 조 계약자의  임의해지  
 ㄴ
 
제 2-14 조 해약환급금  
ㄴ제 5 관 비흡연체형  적용에  관한 사항 
 ㄴ
 ㄴ
 
제 2-15 조의 2 흡연상태  변경통지  및 흡연상태의  변경이  있을 때의 처리 
제 1 절 공통사항  
ㄴ
 ㄴ
제 2 절 개별사항  
ㄴ
 ㄴ
ㄴ제 1 관 용어의  정의 등 
 ㄴ
 ㄴ
 
제 2-1 조 용어의  정의 
ㄴ제 2 관 보험금의  지급 및 계약자의  계약 전 알릴 의무 등 
 ㄴ
 ㄴ
 
제 2-2 조 한국표준질병·사인분류  적용 기준 
 ㄴ
 
제 2-2 조의 2 ‘암(기타피부암 , 대장점막내암  제외)’의 정의 및 진단 확정 
 ㄴ
 
제 2-2 조의 3 '기타피부암 '의 정의 및 진단 확정 
 ㄴ
 
제 2-2 조의 4 '대장점막내암 '의 정의 및 진단 확정 
 ㄴ
 
제 2-2 조의 5 '제자리암 '의 정의 및 진단 확정 
 ㄴ
 
제 2-2 조의 6 '경계성종양 '의 정의 및 진단 확정 
 ㄴ
 
제 2-2 조의 7 ‘납입면제의  대상이  되는 암(기타피부암 , 중증이외의  갑상선암 , 대장점막내암 , 유방암  제외)’
 ㄴ
 
제 2-2 조의 8 수술의  정의와  장소 
 ㄴ
 
제 2-2 조의 9 ‘조혈모세포이식수술’의  정의 
 ㄴ
 
제 2-3 조 보험금의  지급사유  
 ㄴ
 ㄴ
 
제 2-5 조 보험금  지급 및 보험료  납입면제 에 관한 세부규정  
 ㄴ
 ㄴ
 
제 2-7 조 보험금을  지급하지  않는 사유 
 ㄴ
 ㄴ
 
제 2-9 조 보험금  등의 지급절차  
 ㄴ
 ㄴ
 ㄴ
 
제 2-10 조의 3 “계약 전 알릴 의무 위반의  효과”에 대한 특칙 
ㄴ제 3 관 계약의  성립과  유지 및 보험료의  납입 등 
 ㄴ
 
제 2-11 조 계약의  보험기간  
 ㄴ
 
제 2-11 조의 3 “계약의  무효”에 대한 특칙 
 ㄴ
 ㄴ
 
제 2-12 조 계약의  소멸 
 ㄴ
 
제 2-12 조의 2 “제1회 보험료  및 회사의  보장개시 ”에 대한 특칙 
 ㄴ
ㄴ제 4 관 계약의  해지 및 해약환급금  등 
 ㄴ
 
제 2-13 조 계약자의  임의해지  
 ㄴ
 
제 2-14 조 해약환급금  
 ㄴ
 
제 2-14 조의 2 ‘해약환급금  미지급형 (납입기간중  0%, 납입기간후  50%)’의 해약환급금  지급에  관한 사항 
ㄴ제 5 관 비흡연체형  적용에  관한 사항 
 ㄴ
 ㄴ
 
제 2-15 조 피보험자의  비흡연체형  가입자격  
 ㄴ
 
제 2-15 조의 2 흡연상태  변경통지  및 흡연상태의  변경이  있을 때의 처리 
제 1 절 공통사항 
ㄴ
 ㄴ
제 2 절 개별사항  
ㄴ
 ㄴ
ㄴ제 1 관 용어의  정의 등 
 ㄴ
 ㄴ
 
제 2-1 조 용어의  정의 
ㄴ  제 2 관 보험금의  지급 및 계약자의  계약 전 알릴 의무 등 
 ㄴ
 ㄴ
 
제 2-2 조 한국표준질병·사인분류  적용 기준 
 ㄴ
 
제 2-2 조의 2 ‘암’의 정의 및 진단 확정 
 ㄴ
 
제 2-2 조의 3 ‘15대 장애’ 및 ‘장애의  정도가  심한 장애인 ’의 정의  
 ㄴ
 
제 2-2 조의 4 ‘암심한장애진단 간병자금  지급사유  발생일 ‘ 등의 정의 
 ㄴ
 
제 2-2 조의 5 법령 등의 개정에  따른 계약 내용의  변경 
 ㄴ
 
제 2-2 조의 6 ‘납입면제의  대상이  되는 암(기타피부암 , 중증이외의  갑상선암 , 대장점막내암 , 유방암  제
 ㄴ
 
제 2-3 조 보험금의  지급사유  
 ㄴ
 
제 2-4 조 보험료  납입면제  사유 
 ㄴ
 
제 2-5 조 보험금  지급 및 보험료  납입면제에  관한 세부규정  
 ㄴ
 ㄴ
 
제 2-7 조 보험금을  지급하지  않는 사유 
 ㄴ
 
제 2-8 조 사고증명서  
 ㄴ
 
제 2-9 조 보험금  등의 지급절차  
 ㄴ
 
제 2-9 조의 2 보험금  받는 방법의  변경 
 ㄴ
 ㄴ
 ㄴ
 
제 2-10 조의 3 “계약 전 알릴 의무 위반의  효과”에 대한 특칙 
ㄴ제 3 관 계약의 성립과  유지 및 보험료의  납입 등 
 ㄴ
 
제 2-11 조 계약의 보험기간  
 ㄴ
 
제 2-11 조의 2 “보험계약의  성립”에 대한 특칙 
 ㄴ
 
제 2-11 조의 4 “계약내용의  변경 등”에 대한 특칙 
 ㄴ
 
제 2-11 조의 5 계약의  갱신 
 ㄴ
 ㄴ
 
제 2-12 조 계약의  소멸 
 ㄴ
 
제 2-12 조의 2 “제1회 보험료  및 회사의  보장개시 ”에 대한 특칙 
 ㄴ
 ㄴ
 
제 2-12 조의 4 계약의  취소 
 ㄴ
ㄴ제 4 관 계약의  해지 및 해약환급금  등 
 ㄴ
 
제 2-13 조 계약자의  임의해지  
 ㄴ
 
제 2-14 조 해약환급금  
ㄴ제 5 관 비흡연체형  적용에  관한 사항 한 ‘암’으로 진단이  확정된  경우 이 계약을 무효로  하고 이미 납입한  제1회보험료를  돌려드립니다 . 
 ㄴ
 ㄴ
 
제 2-15 조의 2 흡연상태  변경통지  및 흡연상태의  변경이  있을 때의 처리 
제 1 절 공통사항 
ㄴ
 ㄴ
제 2 절 개별사항  
ㄴ
 ㄴ
ㄴ제 1 관 용어의  정의 등 
 ㄴ
 ㄴ
 
제 2-1 조 용어의  정의 
ㄴ  제 2 관 보험금의  지급 및 계약자의  계약 전 알릴 의무 등 
 ㄴ
 ㄴ
 
제 2-2 조 한국표준질병·사인분류  적용 기준 
 ㄴ
 
제 2-2 조의 2 ‘암’의 정의 및 진단 확정 
 ㄴ
 
제 2-2 조의 3 ‘15대 장애’ 및 ‘장애인 ’의 정의  
 ㄴ
 
제 2-2 조의 4 ‘암장애진단 간병자금  지급사유  발생일 ‘ 등의 정의 
 ㄴ
 
제 2-2 조의 5 법령 등의 개정에  따른 계약 내용의  변경 
 ㄴ
 
제 2-2 조의 6 ‘납입면제의  대상이  되는 암(기타피부암 , 중증이외의  갑상선암 , 대장점막내암 , 유방암  제
 ㄴ
 
제 2-3 조 보험금의  지급사유  
 ㄴ
 
제 2-4 조 보험료  납입면제  사유 
 ㄴ
 
제 2-5 조 보험금  지급 및 보험료  납입면제에  관한 세부규정  
 ㄴ
 ㄴ
 
제 2-7 조 보험금을  지급하지  않는 사유 
 ㄴ
 
제 2-8 조 사고증명서  
 ㄴ
 
제 2-9 조 보험금  등의 지급절차  
 ㄴ
 ㄴ
 ㄴ
 
제 2-10 조의 2 “계약 전 알릴 의무”에 대한 특칙 
ㄴ제 3 관 계약의 성립과  유지 및 보험료의  납입 등 
 ㄴ
 
제 2-11 조 계약의 보험기간  
 ㄴ
 
제 2-11 조의 2 “보험계약의  성립”에 대한 특칙 
 ㄴ
 
제 2-11 조의 4 “계약내용의  변경 등”에 대한 특칙 
 ㄴ
 
제 2-11 조의 5 계약의  갱신 
 ㄴ
 ㄴ
 
제 2-12 조 계약의  소멸 
 ㄴ
 
제 2-12 조의 2 “제1회 보험료  및 회사의  보장개시 ”에 대한 특칙 
 ㄴ
 
제 2-12 조의 3 “제2회 이후 보험료의  납입”에 대한 특칙 
 ㄴ
ㄴ제 4 관 계약의  해지 및 해약환급금  등 
 ㄴ
 
제 2-13 조 계약자의  임의해지  
 ㄴ
 
제 2-14 조 해약환급금  
ㄴ제 5 관 비흡연체형  적용에  관한 사항 
 ㄴ
 ㄴ
 
제 2-15 조 피보험자의  비흡연체형  가입자격  
 ㄴ
 
제 2-15 조의 2 흡연상태  변경통지  및 흡연상태의  변경이  있을 때의 처리 
제 1 절 공통사항  
ㄴ
 ㄴ
제 2 절 개별사항  
ㄴ
 ㄴ
ㄴ제 1 관 용어의  정의 등 
 ㄴ
 ㄴ
 
제 2-1 조 용어의  정의 
ㄴ제 2 관 보험금의  지급 및 계약자의  계약 전 알릴 의무 등 
 ㄴ
 ㄴ
 
제 2-2 조 한국표준질병·사인분류  적용 기준 
 ㄴ
 
제 2-2 조의 2 ‘암(기타피부 암, 대장점막내암  제외)’의 정의 및 진단 확정 
 ㄴ
 
제 2-2 조의 3 기타피부암의  정의 및 진단 확정 
 ㄴ
 
제 2-2 조의 4 대장점막내암의  정의 및 진단 확정 
 ㄴ
 
제 2-2 조의 5 제자리암의  정의 및 진단 확정 
 ㄴ
 
제 2-2 조의 6 경계성종양의  정의 및 진단 확정 
 ㄴ
 
제 2-2 조의 7 통원의  정의와  장소 
 ㄴ
 
제 2-2 조의 8 ‘암(기타피부암 , 대장점막내암  제외), 기타피부암 , 대장점막내암 , 제자리암  또는 경계성종양의  
 ㄴ
 
제 2-2 조의 9 ‘납입면제의  대상이  되는 암(기타피부암 , 중증이외의  갑상선암 , 대장점막내암 , 유방암  제외)’
 ㄴ
 
제 2-3 조 보험금의  지급사유  
 ㄴ
 
제 2-4 조 보험료  납입면제  사유 
 ㄴ
 
제 2-5 조 보험금  지급 및 보험료  납입면제에  관한 세부규정  
 ㄴ
 ㄴ
 
제 2-7 조 보험금을  지급하지  않는 사유 
 ㄴ
 
제 2-9 조 보험금  등의 지급절차  
 ㄴ
 ㄴ
 ㄴ
 
제 2-10 조의 3 “계약 전 알릴 의무 위반의  효과”에 대한 특칙 
ㄴ제 3 관 계약의  성립과  유지 및 보험료의  납입 등 
 ㄴ
 
제 2-11 조 계약의  보험기간  
 ㄴ
 
제 2-11 조의 2 “보험계약의  성립”에 대한 특칙 
 ㄴ
 
제 2-11 조의 3 “계약의  무효”에 대한 특칙 
 ㄴ
 ㄴ
 
제 2-11 조의 5 계약의  갱신 
 ㄴ
 ㄴ
 
제 2-12 조 계약의  소멸 
 ㄴ
 
제 2-12 조의 2 “제1회 보험료  및 회사의  보장개시 ”에 대한 특칙 
 ㄴ
ㄴ제 4 관 계약의 해지 및 해약환급금  등 
 ㄴ
 
제 2-13 조 계약자의  임의해지  
 ㄴ
 
제 2-14 조 해약환급금  
ㄴ제 5 관 비흡연체형  적용에  관한 사항 
 ㄴ
 ㄴ
 
제 2-15 조 피보험자의  비흡연체형  가입자격  
 ㄴ
 
제 2-15 조의 2 흡연상태  변경통지  및 흡연상태의  변경이  있을 때의 처리 
제 1 절 공통사항  
ㄴ
 ㄴ
제 2 절 개별사항  
ㄴ
 ㄴ
ㄴ제 1 관 용어의  정의 등 
 ㄴ
 ㄴ
 
제 2-1 조 용어의  정의 
ㄴ제 2 관 보험금의  지급 및 계약자의  계약 전 알릴 의무 등 
 ㄴ
 ㄴ
 
제 2-2 조 한국표준질병·사인분류  적용 기준 
 ㄴ
 
제 2-2 조의 2 ‘암(직∙결장암 , 유방암 , 여성생식기암 , 전립선암 , 기타피부암 , 중증이외의  갑상선암 , 대장점막
 ㄴ
 
제 2-2 조의 3 ‘소액암 ’의 정의 및 진단 확정 
 ㄴ
 
제 2-2 조의 4 기타피부암의  정의 및 진단 확정 
 ㄴ
 
제 2-2 조의 5 중증이외의  갑상선암의  정의 및 진단 확정 
 ㄴ
 
제 2-2 조의 6 대장점막내암의  정의 및 진단 확정 
 ㄴ
 
제 2-2 조의 8 경계성종양의  정의 및 진단 확정 
 ㄴ
 
제 2-2 조의 9 ‘납입면제의  대상이  되는 암(기타피부암 , 중증이외의  갑상선암 , 대장점막내암 , 유방암  제외)’
 ㄴ
 
제 2-3 조 보험금의  지급사유  
 ㄴ
 
제 2-4 조 보험료  납입면제  사유 
 ㄴ
 
제 2-5 조 보험금  지급 및 보험료  납입면제 에 관한 세부규정  
 ㄴ
 ㄴ
 
제 2-7 조 보험금을  지급하지  않는 사유 
 ㄴ
 ㄴ
 
제 2-9 조 보험금  등의 지급절차  
 ㄴ
 ㄴ
 ㄴ
 
제 2-10 조의 3 “계약 전 알릴 의무 위반의  효과”에 대한 특칙 
ㄴ제 3 관 계약의  성립과  유지 및 보험료의  납입 등 
 ㄴ
 
제 2-11 조 계약의  보험기간  
 ㄴ
 
제 2-11 조의 2 “보험계약의  성립”에 대한 특칙 
 ㄴ
 
제 2-11 조의 4 “계약의  무효”에 대한 특칙 
 ㄴ
 ㄴ
 
제 2-11 조의 6 계약의  갱신 
 ㄴ
 ㄴ
 
제 2-12 조 계약의  소멸 
 ㄴ
 
제 2-12 조의 2 “제1회 보험료  및 회사의  보장개시 ”에 대한 특칙 
 ㄴ
 ㄴ
ㄴ제 4 관 계약의  해지 및 해약환급금  등 
 ㄴ
 
제 2-13 조 계약자의  임의해지  
 ㄴ
 
제 2-14 조 해약환급금  
ㄴ제 5 관 비흡연체형  적용에  관한 사항 
 ㄴ
 ㄴ
 
제 2-15 조의 2 흡연상태  변경통지  및 흡연상태의  변경이  있을 때의 처리 
제 1 절 공통사항  
ㄴ
 ㄴ
제 2 절 개별사항  
ㄴ
 ㄴ
ㄴ제 1 관 용어의  정의 등 
 ㄴ
 ㄴ
 
제 2-1 조 용어의  정의 
ㄴ제 2 관 보험금의  지급 및 계약자의  계약 전 알릴 의무 등 
 ㄴ
 ㄴ
 
제 2-2 조 한국표준질병·사인분류  적용 기준 
 ㄴ
 
제 2-2 조의 2 ‘암(직∙결장암 , 유방암 , 여성생식기암 , 전립선암 , 기타피부암 , 중증이외의  갑상선암 , 대장점막
 ㄴ
 
제 2-2 조의 3 ‘소액암 ’의 정의 및 진단 확정 
 ㄴ
 
제 2-2 조의 4 기타피부암의  정의 및 진단 확정 
 ㄴ
 
제 2-2 조의 5 중증이외의  갑상선암의  정의 및 진단 확정 
 ㄴ
 
제 2-2 조의 6 대장점막내암의  정의 및 진단 확정 
 ㄴ
 
제 2-2 조의 7 제자리암의  정의 및 진단 확정 
 ㄴ
 
제 2-2 조의 9 ‘납입면제의  대상이  되는 암(기타피부암 , 중증이외의  갑상선암 , 대장점막내암 , 유방암  제외)’
 ㄴ
 
제 2-3 조 보험금의  지급사유  
 ㄴ
 ㄴ
 
제 2-5 조 보험금  지급 및 보험료  납입면제 에 관한 세부규정  
 ㄴ
 ㄴ
 
제 2-7 조 보험금을  지급하지  않는 사유 
 ㄴ
 ㄴ
 
제 2-9 조 보험금  등의 지급절차  
 ㄴ
 
제 2-10 조 보험수익자의  지정 
 ㄴ
 
제 2-10 조의 3 “계약 전 알릴 의무 위반의  효과”에 대한 특칙 
ㄴ제 3 관 계약의  성립과  유지 및 보험료의  납입 등 
 ㄴ
 
제 2-11 조 계약의  보험기간  
 ㄴ
 
제 2-11 조의 2 “보험계약의  성립”에 대한 특칙 
 ㄴ
 
제 2-11 조의 4 “계약의  무효”에 대한 특칙 
 ㄴ
 ㄴ
 
제 2-12 조 계약의  소멸 
 ㄴ
 
제 2-12 조의 2 “제1회 보험료  및 회사의  보장개시 ”에 대한 특칙 
 ㄴ
 
제 2-12 조의 4 “보험료의  납입연체로  인하여  해지된  계약의 부활(효력회복 )”에 대한 특칙 
ㄴ제 4 관 계약의  해지 및 해약환급금  등 
 ㄴ
 
제 2-13 조 계약자의  임의해지  
 ㄴ
 
제 2-14 조 해약환급금  
 ㄴ
 
제 2-14 조의 2 ‘해약환급금  미지급형 (납입기간중  0%, 납입기간후  50%)’의 해약환급금  지급에  관한 사항 
ㄴ제 5 관 비흡연체형  적용에  관한 사항 
 ㄴ
 ㄴ
 
제 2-15 조 피보험자의  비흡연체형  가입자격  
 ㄴ
 
제 2-15 조의 2 흡연상태  변경통지  및 흡연상태의  변경이  있을 때의 처리 
제 1 절 공통사항  
ㄴ
 ㄴ
제 2 절 개별사항  
ㄴ
 ㄴ
ㄴ제 1 관 용어의  정의 등 
 ㄴ
 ㄴ
 
제 2-1 조 용어의  정의 
ㄴ제 2 관 보험금의  지급 및 계약자의  계약 전 알릴 의무 등 
 ㄴ
 ㄴ
 
제 2-2 조 한국표준질병·사인분류  적용 기준 
 ㄴ
 
제 2-2 조의 2 ‘여성생식기질환 ’, ‘여성유방질환 ’, ‘갑상선질환 ’, ‘골다공증  및 특정관절질환 ’의 정의 및 진단확
 ㄴ
 
제 2-2 조의 3 수술의  정의와  장소 
 ㄴ
 
제 2-3 조 보험금의  지급사유  
 ㄴ
 
제 2-4 조 보험료  납입면제  사유 
 ㄴ
 
제 2-5 조 보험금  지급 및 보험료  납입면제에  관한 세부규정  
 ㄴ
 ㄴ
 
제 2-7 조 보험금을  지급하지  않는 사유 
 ㄴ
 ㄴ
 
제 2-9 조 보험금  등의 지급절차  
 ㄴ
 ㄴ
 ㄴ
 
제 2-10 조의 3 “계약 전 알릴 의무 위반의  효과”에 대한 특칙 
ㄴ제 3 관 계약의  성립과  유지 및 보험료의  납입 등 
 ㄴ
 
제 2-11 조 계약의  보험기간  
 ㄴ
 
제 2-11 조의 2 “보험계약의  성립”에 대한 특칙 
 ㄴ
 
제 2-11 조의 3 세부보장의  운영에  관한 사항 
 ㄴ
 ㄴ
 
제 2-11 조의 5 계약의  갱신 
 ㄴ
 ㄴ
 
제 2-12 조 계약의  소멸 
 ㄴ
 
제 2-12 조의 2 “제1회 보험료  및 회사의  보장개시 ”에 대한 특칙 
 ㄴ
ㄴ제 4 관 계약의 해지 및 해약환급금  등 
 ㄴ
 
제 2-13 조 계약자의  임의해지  
 ㄴ
 
제 2-14 조 해약환급금  
ㄴ제 5 관 비흡연체형  적용에  관한 사항 
 ㄴ
 ㄴ
 
제 2-15 조 피보험자의  비흡연체형  가입자격  
 ㄴ
 
제 2-15 조의 2 흡연상태  변경통지  및 흡연상태의  변경이  있을 때의 처리 
제 1 절 공통사항  
ㄴ
 ㄴ
제 2 절 개별사항  
ㄴ
 ㄴ
ㄴ제 1 관 용어의  정의 등 
 ㄴ
 ㄴ
 
제 2-1 조 용어의  정의 
ㄴ제 2 관 보험금의  지급 및 계약자의  계약 전 알릴 의무 등 
 ㄴ
 ㄴ
 
제 2-2 조의 2 ‘위암 및 식도암 ’의 정의 및 진단 확정 
 ㄴ
 
제 2-2 조의 3 ‘납입면제의  대상이  되는 암(기타피부암 , 중증이외의  갑상선암 , 대장점막내암 , 유방암  제외)’
 ㄴ
 ㄴ
 
제 2-4 조 보험료  납입면제  사유 
 ㄴ
 
제 2-5 조 보험금  지급 및 보험료  납입면제에  관한 세부규정  
 ㄴ
 ㄴ
 
제 2-7 조 보험금을  지급하지  않는 사유 
 ㄴ
 ㄴ
 
제 2-9 조 보험금  등의 지급절차  
 ㄴ
 ㄴ
 ㄴ
 
제 2-10 조의 3 “계약 전 알릴 의무 위반의  효과”에 대한 특칙 
ㄴ제 3 관 계약의 성립과  유지 및 보험료의  납입 등 
 ㄴ
 
제 2-11 조 계약의 보험기간  
 ㄴ
 
제 2-11 조의 2 “보험계약의  성립”에 대한 특칙 
 ㄴ
 ㄴ
 ㄴ
 
제 2-11 조의 5 계약의  갱신 
 ㄴ
 ㄴ
 
제 2-12 조 계약의  소멸 
 ㄴ
 
제 2-12 조의 2 “제1회 보험료  및 회사의  보장개시 ”에 대한 특칙 
 ㄴ
 ㄴ
 
제 2-12 조의 4 계약의  취소 
 ㄴ
ㄴ제 4 관 계약의 해지 및 해약환급금  등 
 ㄴ
 
제 2-13 조 계약자의  임의해지  
 ㄴ
 
제 2-14 조 해약환급금  
ㄴ제 5 관 비흡연체형  적용에  관한 사항 
 ㄴ
 ㄴ
 
제 2-15 조 피보험자의  비흡연체형  가입자격  
 ㄴ
 
제 2-15 조의 2 흡연상태  변경통지  및 흡연상태의  변경이  있을 때의 처리 
제 1 절 공통사항  
ㄴ
 ㄴ
제 2 절 개별사항  
ㄴ
 ㄴ
ㄴ제 1 관 용어의  정의 등 
 ㄴ
 ㄴ
 
제 2-1 조 용어의  정의 
ㄴ제 2 관 보험금의  지급 및 계약자의  계약 전 알릴 의무 등 
 ㄴ
 ㄴ
 
제 2-2 조의 2 ‘유방암  및 여성생식기암 ’의 정의 및 진단 확정 
 ㄴ
 
제 2-2 조의 3 ‘납입면제의  대상이  되는 암(기타피부암 , 중증이외의  갑상선암 , 대장점막내암 , 유방암  제외)’
 ㄴ
 ㄴ
 
제 2-4 조 보험료  납입면제  사유 
 ㄴ
 
제 2-5 조 보험금  지급 및 보험료  납입면제에  관한 세부규정  
 ㄴ
 ㄴ
 
제 2-7 조 보험금을  지급하지  않는 사유 
 ㄴ
 ㄴ
 
제 2-9 조 보험금  등의 지급절차  
 ㄴ
 ㄴ
 ㄴ
 
제 2-10 조의 3 “계약 전 알릴 의무 위반의  효과”에 대한 특칙 
ㄴ제 3 관 계약의 성립과  유지 및 보험료의  납입 등 
 ㄴ
 
제 2-11 조 계약의 보험기간  
 ㄴ
 
제 2-11 조의 2 “보험계약의  성립”에 대한 특칙 
 ㄴ
 
제 2-11 조의 3 “계약의 무효”에 대한 특칙 
 ㄴ
 ㄴ
 
제 2-11 조의 5 계약의  갱신 
 ㄴ
 ㄴ
 
제 2-12 조 계약의  소멸 
 ㄴ
 
제 2-12 조의 2 “제1회 보험료  및 회사의  보장개시 ”에 대한 특칙 
 ㄴ
 ㄴ
 
제 2-12 조의 4 계약의  취소 
 ㄴ
ㄴ제 4 관 계약의 해지 및 해약환급금  등 
 ㄴ
 
제 2-13 조 계약자의  임의해지  
 ㄴ
 
제 2-14 조 해약환급금  
ㄴ제 5 관 비흡연체형  적용에  관한 사항 
 ㄴ
 ㄴ
 
제 2-15 조 피보험자의  비흡연체형  가입자격  
 ㄴ
 
제 2-15 조의 2 흡연상태  변경통지  및 흡연상태의  변경이  있을 때의 처리 
제 1 절 공통사항  
ㄴ
 ㄴ
제 2 절 개별사항  
ㄴ
 ㄴ
ㄴ제 1 관 용어의  정의 등 
 ㄴ
 ㄴ
 
제 2-1 조 용어의  정의 
ㄴ제 2 관 보험금의  지급 및 계약자의  계약 전 알릴 의무 등 
 ㄴ
 ㄴ
 
제 2-2 조의 2 ‘유방암 ’의 정의 및 진단 확정 
 ㄴ
 
제 2-2 조의 3 수술의  정의와  장소 
 ㄴ
 ㄴ
 ㄴ
 
제 2-2 조의 6 ‘납입면제의  대상이  되는 암(기타피부암 , 중증이외의  갑상선암 , 대장점막내암  제외)’의 정의 
 ㄴ
 
제 2-3 조 보험금의  지급사유  
 ㄴ
 
제 2-4 조 보험료  납입면제  사유 
 ㄴ
 
제 2-5 조 보험금  지급 및 보험료  납입면제에  관한 세부규정  
 ㄴ
 ㄴ
 
제 2-7 조 보험금을  지급하지  않는 사유 
 ㄴ
 ㄴ
 
제 2-9 조 보험금  등의 지급절차  
 ㄴ
 ㄴ
 ㄴ
 
제 2-10 조의 3 “계약 전 알릴 의무 위반의  효과”에 대한 특칙 
ㄴ제 3 관 계약의  성립과  유지 및 보험료의  납입 등 
 ㄴ
 
제 2-11 조 계약의  보험기간  
 ㄴ
 
제 2-11 조의 2 “보험계약의  성립”에 대한 특칙 
 ㄴ
 
제 2-11 조의 3 세부보장의  운영에  관한 사항 
 ㄴ
 ㄴ
 ㄴ
 
제 2-11 조의 6 계약의  갱신 
 ㄴ
 ㄴ
 
제 2-12 조 계약의  소멸 
 ㄴ
 
제 2-12 조의 2 “제1회 보험료  및 회사의  보장개시 ”에 대한 특칙 
 ㄴ
 ㄴ
 
제 2-12 조의 4 계약의  취소 
 ㄴ
ㄴ제 4 관 계약의 해지 및 해약환급금  등 
 ㄴ
 ㄴ
 
제 2-13 조 계약자의  임의해지  
ㄴ제 5 관 비흡연체형  적용에  관한 사항 
 ㄴ
 ㄴ
 
제 2-15 조 피보험자의  비흡연체형  가입자격  
 ㄴ
 
제 2-15 조의 2 흡연상태  변경통지  및 흡연상태의  변경이  있을 때의 처리 
제 1 절 공통사항  
ㄴ
 ㄴ
제 2 절 개별사항  
ㄴ
 ㄴ
ㄴ제 1 관 용어의  정의 등 
 ㄴ
 ㄴ
 
제 2-1 조 용어의  정의 
ㄴ 제 2 관 보험금의  지급 및 계약자의  계약 전 알릴 의무 등 
 ㄴ
 ㄴ
 
제 2-2 조 한국표준질병·사인분류  적용 기준 
 ㄴ
 
제 2-2 조의 2 '암(특정소액암 , 기타피부암 , 갑상선암  및 대장점막내암  제외)'의 정의 및 진단 확정 
 ㄴ
 
제 2-2 조의 3 수술의  정의와  장소 
 ㄴ
 
제 2-2 조의 4 ‘조혈모세포이식수술 ’의 정의 
 ㄴ
 
제 2-3 조 보험금의  지급사유  
 ㄴ
 
제 2-4 조 보험료  납입면제  사유 
 ㄴ
 
제 2-5 조 보험금  지급 및 보험료  납입면제에  관한 세부규정  
 ㄴ
 ㄴ
 
제 2-7 조 보험금을  지급하지  않는 사유 
 ㄴ
 ㄴ
 
제 2-9 조 보험금  등의 지급절차  
 ㄴ
 ㄴ
 ㄴ
 
제 2-10 조의 3 “계약 전 알릴 의무 위반의  효과”에 대한 특칙 
ㄴ제 3 관 계약의  성립과  유지 및 보험료의  납입 등 
 ㄴ
 
제 2-11 조 계약의  보험기간  
 ㄴ
 
제 2-11 조의 2 “보험계약의  성립”에 대한 특칙 
 ㄴ
 
제 2-11 조의 3 세부보장의  운영에  관한 사항 
 ㄴ
 
제 2-11 조의 4 “계약의  무효”에 대한 특칙 
 ㄴ
 
제 2-11 조의 6 계약의  갱신 
 ㄴ
 ㄴ
 
제 2-12 조 계약의  소멸 
 ㄴ
 
제 2-12 조의 2 “제1회 보험료  및 회사의  보장개시 ”에 대한 특칙 
 ㄴ
 ㄴ
 
제 2-12 조의 4 계약의  취소 
 ㄴ
ㄴ제 4 관 계약의 해지 및 해약환급금  등 
 ㄴ
 
제 2-13 조 계약자의  임의해지  
 ㄴ
 
제 2-14 조 해약환급금  
ㄴ제 5 관 비흡연체형  적용에  관한 사항 
 ㄴ
 ㄴ
 
제 2-15 조 피보험자의  비흡연체형  가입자격  
 ㄴ
 
제 2-15 조의 2 흡연상태  변경통지  및 흡연상태의  변경이  있을 때의 처리 
제 1 절 공통사항  
ㄴ
 ㄴ
제 2 절 개별사항  
ㄴ
 ㄴ
ㄴ제 1 관 용어의  정의 등 
 ㄴ
 ㄴ
 
제 2-1 조 용어의  정의 
ㄴ제 2 관 보험금의  지급 및 계약자의  계약 전 알릴 의무 등 
 ㄴ
 ㄴ
 
제 2-2 조 한국표준질병·사인분류  적용 기준 
 ㄴ
 
제 2-2 조의 2 ‘전립선  바늘생검  조직병리진단 ’의 정의 
 ㄴ
 
제 2-2 조의 3 ‘납입면제의  대상이  되는 암(기타피부암 , 중증이외의  갑상선암 , 대장점막내암 , 유방암  제외)’
 ㄴ
 ㄴ
 
제 2-4 조 보험료  납입면제  사유 
 ㄴ
 
제 2-5 조 보험금  지급 및 보험료  납입면제에  관한 세부규정  
 ㄴ
 ㄴ
 
제 2-7 조 보험금을  지급하지  않는 사유 
 ㄴ
 ㄴ
 
제 2-9 조 보험금  등의 지급절차  
 ㄴ
 
제 2-10 조 보험수익자의  지정 
 ㄴ
 
제 2-10 조의 3 “계약 전 알릴 의무 위반의  효과”에 대한 특칙 
ㄴ제 3 관 계약의  성립과  유지 및 보험료의  납입 등 
 ㄴ
 
제 2-11 조 계약의  보험기간  
 ㄴ
 
제 2-11 조의 2 “보험계약의  성립”에 대한 특칙 
 ㄴ
 
제 2-11 조의 3 “계약내용의  변경 등”에 대한 특칙 
 ㄴ
 ㄴ
 
제 2-12 조 계약의  소멸 
 ㄴ
 
제 2-12 조의 2 “제1회 보험료  및 회사의  보장개시 ”에 대한 특칙 
ㄴ제 4 관 계약의 해지 및 해약환급금  등 
 ㄴ
 
제 2-13 조 계약자의  임의해지  
 ㄴ
 
제 2-14 조 해약환급금  
ㄴ제 5 관 비흡연체형  적용에  관한 사항 
 ㄴ
 ㄴ
 
제 2-15 조 피보험자의  비흡연체형  가입자격  
 ㄴ
 
제 2-15 조의 2 흡연상태  변경통지  및 흡연상태의  변경이  있을 때의 처리 
제 1 절 공통사항  
ㄴ
 ㄴ
제 2 절 개별사항  
ㄴ
 ㄴ
ㄴ제 1 관 용어의  정의 등 
 ㄴ
 ㄴ
 
제 2-1 조 용어의  정의 
ㄴ제 2 관 보험금의  지급 및 계약자의  계약 전 알릴 의무 등 
 ㄴ
 ㄴ
 
제 2-2 조의 2 ‘직·결장암’의 정의 및 진단 확정 
 ㄴ
 
제 2-2 조의 3 ‘납입면제의  대상이  되는 암(기타피부암 , 중증이외의  갑상선암 , 대장점막내암 , 유방암  제외)’
 ㄴ
 ㄴ
 
제 2-4 조 보험료  납입면제  사유 
 ㄴ
 
제 2-5 조 보험금  지급 및 보험료  납입면제에  관한 세부규정  
 ㄴ
 ㄴ
 
제 2-7 조 보험금을  지급하지  않는 사유 
 ㄴ
 ㄴ
 
제 2-9 조 보험금  등의 지급절차  
 ㄴ
 ㄴ
 ㄴ
 
제 2-10 조의 3 “계약 전 알릴 의무 위반의  효과”에 대한 특칙 
ㄴ제 3 관 계약의 성립과  유지 및 보험료의  납입 등 
 ㄴ
 
제 2-11 조 계약의 보험기간  
 ㄴ
 
제 2-11 조의 2 “보험계약의  성립”에 대한 특칙 
 ㄴ
 ㄴ
 ㄴ
 
제 2-11 조의 5 계약의  갱신 
 ㄴ
 ㄴ
 
제 2-12 조 계약의  소멸 
 ㄴ
 
제 2-12 조의 2 “제1회 보험료  및 회사의  보장개시 ”에 대한 특칙 
 ㄴ
 ㄴ
 
제 2-12 조의 4 계약의  취소 
 ㄴ
ㄴ제 4 관 계약의 해지 및 해약환급금  등 
 ㄴ
 
제 2-13 조 계약자의  임의해지  
 ㄴ
 
제 2-14 조 해약환급금  
ㄴ제 5 관 비흡연체형  적용에  관한 사항 
 ㄴ
 ㄴ
 
제 2-15 조 피보험자의  비흡연체형  가입자격  
 ㄴ
 
제 2-15 조의 2 흡연상태  변경통지  및 흡연상태의  변경이  있을 때의 처리 
제 1 절 공통사항  
ㄴ
 ㄴ
제 2 절 개별사항  
ㄴ
 ㄴ
ㄴ제 1 관 용어의  정의 등 
 ㄴ
 ㄴ
 
제 2-1 조 용어의  정의 
ㄴ제 2 관 보험금의  지급 및 계약자의  계약 전 알릴 의무 등 
 ㄴ
 ㄴ
 
제 2-2 조 한국표준질병·사인분류  적용 기준 
 ㄴ
 
제 2-2 조의 2 ‘여성 특정유방질환 ’의 정의 
 ㄴ
 
제 2-2 조의 3 ‘진공보조장치  이용 유방 양성병변  절제술 ’의 정의 
 ㄴ
 
제 2-2 조의 4 법령 등의 개정에  따른 계약 내용의  변경 
 ㄴ
 
제 2-2 조의 5 ‘납입면제의  대상이  되는 암(기타피부암 , 중증이외의  갑상선암 , 대장점막내암 , 유방암  제외)’
 ㄴ
 ㄴ
 
제 2-4 조 보험료  납입면제  사유 
 ㄴ
 
제 2-5 조 보험금  지급 및 보험료  납입면제에  관한 세부규정  
 ㄴ
 ㄴ
 
제 2-7 조 보험금을  지급하지  않는 사유 
 ㄴ
 ㄴ
 
제 2-9 조 보험금  등의 지급절차  
 ㄴ
 ㄴ
 ㄴ
 
제 2-10 조의 3 “계약 전 알릴 의무 위반의  효과”에 대한 특칙 
ㄴ제 3 관 계약의  성립과  유지 및 보험료의  납입 등 
 ㄴ
 
제 2-11 조 계약의  보험기간  
 ㄴ
 
제 2-11 조의 2 “보험계약의  성립”에 대한 특칙 
 ㄴ
 ㄴ
 
제 2-11 조의 4 계약의  갱신 
 ㄴ
 ㄴ
 
제 2-12 조 계약의  소멸 
 ㄴ
 
제 2-12 조의 2 “제1회 보험료  및 회사의  보장개시 ”에 대한 특칙 
 ㄴ
ㄴ제 4 관 계약의 해지 및 해약환급금  등 
 ㄴ
 
제 2-13 조 계약자의  임의해지  
 ㄴ
 
제 2-14 조 해약환급금  
ㄴ제 5 관 비흡연체형  적용에  관한 사항 
 ㄴ
 ㄴ
 
제 2-15 조 피보험자의  비흡연체형  가입자격  
 ㄴ
 
제 2-15 조의 2 흡연상태  변경통지  및 흡연상태의  변경이  있을 때의 처리 
제 1 절 공통사항  
ㄴ
 ㄴ
제 2 절 개별사항  
ㄴ
 ㄴ
ㄴ제 1 관 용어의  정의 등 
 ㄴ
 ㄴ
 
제 2-1 조 용어의  정의 
ㄴ제 2 관 보험금의  지급 및 계약자의  계약 전 알릴 의무 등 
 ㄴ
 ㄴ
 
제 2-2 조 한국표준질병·사인분류  적용 기준 
 ㄴ
 
제 2-2 조의 2 ‘암(기타피부암 , 대장점막내암  제외)’의 정의 및 진단확정  
 ㄴ
 
제 2-2 조의 3 기타피부암의  정의 및 진단확정  
 ㄴ
 
제 2-2 조의 4 대장점막내암의  정의 및 진단 확정 
 ㄴ
 
제 2-2 조의 5 제자리암의  정의 및 진단확정  
 ㄴ
 
제 2-2 조의 6 경계성종양의  정의 및 진단확정  
 ㄴ
 
제 2-2 조의 7 입원의 정의와  장소 
 ㄴ
 
제 2-2 조의 8 ‘암(기타피부암 , 대장점막내암  제외), 기타피부암 , 대장점막내암 , 제자리암  또는 경계성종양의  
 ㄴ
 
제 2-2 조의 9 ‘납입면제의  대상이  되는 암(기타피부암 , 중증이외의  갑상선암 , 대장점막내암 , 유방암  제외)’
 ㄴ
 
제 2-3 조 보험금의  지급사유  
 ㄴ
 
제 2-4 조 보험료  납입면제  사유 
 ㄴ
 
제 2-5 조 보험금  지급 및 보험료  납입면제에  관한 세부규정  
 ㄴ
 ㄴ
 
제 2-7 조 보험금을  지급하지  않는 사유 
 ㄴ
 ㄴ
 
제 2-9 조 보험금  등의 지급절차  
 ㄴ
 ㄴ
 ㄴ
 
제 2-10 조의 3 “계약 전 알릴 의무 위반의  효과”에 대한 특칙 
ㄴ제 3 관 계약의  성립과  유지 및 보험료의  납입 등 
 ㄴ
 
제 2-11 조 계약의  보험기간  
 ㄴ
 
제 2-11 조의 2 “보험계약의  성립”에 대한 특칙 
 ㄴ
 
제 2-11 조의 3 “계약의  무효”에 대한 특칙 
 ㄴ
 ㄴ
 
제 2-11 조의 5 계약의  갱신 
 ㄴ
 
제 2-12 조 계약의  소멸 
 ㄴ
 
제 2-12 조의 2 “제1회 보험료  및 회사의  보장개시 ”에 대한 특칙 
 ㄴ
ㄴ제 4 관 계약의 해지 및 해약환급금  등 
 ㄴ
 
제 2-13 조 계약자의  임의해지  
 ㄴ
 
제 2-14 조 해약환급금  
ㄴ제 5 관 비흡연체형  적용에  관한 사항 
 ㄴ
 ㄴ
 
제 2-15 조 피보험자의  비흡연체형  가입자격  
 ㄴ
 
제 2-15 조의 2 흡연상태  변경통지  및 흡연상태의  변경이  있을 때의 처리 
제 1 절 공통사항  
ㄴ
 ㄴ
제 2 절 개별사항  
ㄴ
 ㄴ
ㄴ제 1 관 용어의  정의 등 
 ㄴ
 ㄴ
 
제 2-1 조 용어의  정의 
ㄴ 제 2 관 보험금의  지급 및 계약자의  계약 전 알릴 의무 등 
 ㄴ
 ㄴ
 
제 2-2 조 한국표준질병·사인분류  적용 기준 
 ㄴ
 
제 2-2 조의 2 ‘초기 이외의  갑상선암 ’의 정의 및 진단 확정 
 ㄴ
 ㄴ
 
제 2-4 조 보험료  납입면제  사유 
 ㄴ
 
제 2-5 조 보험금  지급 및 보험료  납입면제에  관한 세부규정  
 ㄴ
 ㄴ
 
제 2-7 조 보험금을  지급하지  않는 사유 
 ㄴ
 ㄴ
 
제 2-9 조 보험금  등의 지급절차  
 ㄴ
 ㄴ
 ㄴ
 
제 2-10 조의 3 “계약 전 알릴 의무 위반의  효과”에 대한 특칙 
ㄴ제 3 관 계약의 성립과  유지 및 보험료의  납입 등 
 ㄴ
 
제 2-11 조 계약의 보험기간  
 ㄴ
 
제 2-11 조의 2 “보험계약의  성립”에 대한 특칙 
 ㄴ
 ㄴ
 ㄴ
 
제 2-11 조의 5 계약의  갱신 
 ㄴ
 ㄴ
 
제 2-12 조 계약의  소멸 
 ㄴ
 
제 2-12 조의 2 “제1회 보험료  및 회사의  보장개시 ”에 대한 특칙 
 ㄴ
 ㄴ
 
제 2-12 조의 4 계약의  취소 
ㄴ제 4 관 계약의 해지 및 해약환급금  등 
 ㄴ
 
제 2-13 조 계약자의  임의해지  
 ㄴ
 
제 2-14 조 해약환급금  
ㄴ제 5 관 비흡연체형  적용에  관한 사항 
 ㄴ
 ㄴ
 
제 2-15 조 피보험자의  비흡연체형  가입자격  
 ㄴ
 
제 2-15 조의 2 흡연상태  변경통지  및 흡연상태의  변경이  있을 때의 처리 
제 1 절 공통사항  
ㄴ
 ㄴ
제 2 절 개별사항  
ㄴ
 ㄴ
ㄴ제 1 관 용어의  정의 등 
 ㄴ
 ㄴ
 
제 2-1 조 용어의  정의 
ㄴ제 2 관 보험금의  지급 및 계약자의  계약 전 알릴 의무 등 
 ㄴ
 ㄴ
 
제 2-2 조의 2 ‘특정 고액암 ’의 정의 및 진단 확정 
 ㄴ
 
제 2-2 조의 3 ‘납입면제의  대상이  되는 암(기타피부암 , 중증이외의  갑상선암 , 대장점막내암 , 유방암  제외)’
 ㄴ
 ㄴ
 
제 2-4 조 보험료  납입면제  사유 
 ㄴ
 
제 2-5 조 보험금  지급 및 보험료  납입면제에  관한 세부규정  
 ㄴ
 ㄴ
 
제 2-7 조 보험금을  지급하지  않는 사유 
 ㄴ
 ㄴ
 
제 2-9 조 보험금  등의 지급절차  
 ㄴ
 ㄴ
 ㄴ
 
제 2-10 조의 3 “계약 전 알릴 의무 위반의  효과”에 대한 특칙 
ㄴ제 3 관 계약의 성립과  유지 및 보험료의  납입 등 
 ㄴ
 
제 2-11 조 계약의 보험기간  
 ㄴ
 
제 2-11 조의 2 “보험계약의  성립”에 대한 특칙 
 ㄴ
 ㄴ
 ㄴ
 
제 2-11 조의 5 계약의  갱신 
 ㄴ
 ㄴ
 
제 2-12 조 계약의  소멸 
 ㄴ
 
제 2-12 조의 2 “제1회 보험료  및 회사의  보장개시 ”에 대한 특칙 
 ㄴ
 ㄴ
 
제 2-12 조의 4 계약의  취소 
 ㄴ
ㄴ제 4 관 계약의 해지 및 해약환급금  등 
 ㄴ
 
제 2-13 조 계약자의  임의해지  
 ㄴ
 
제 2-14 조 해약환급금  
ㄴ제 5 관 비흡연체형  적용에  관한 사항 
 ㄴ
 ㄴ
 
제 2-15 조 피보험자의  비흡연체형  가입자격  
 ㄴ
 
제 2-15 조의 2 흡연상태  변경통지  및 흡연상태의  변경이  있을 때의 처리 
제 1 절 공통사항  
ㄴ
 ㄴ
제 2 절 개별사항  
ㄴ
 ㄴ
ㄴ제 1 관 용어의  정의 등 
 ㄴ
 ㄴ
 
제 2-1 조 용어의  정의 
ㄴ제 2 관 보험금의  지급 및 계약자의  계약 전 알릴 의무 등 
 ㄴ
 ㄴ
 
제 2-2 조 한국표준질병·사인분류  적용 기준 
 ㄴ
 
제 2-2 조의 2 ‘특정 고액암 ’의 정의 및 진단 확정 
 ㄴ
 
제 2-2 조의 3 ‘납입면제의  대상이  되는 암(기타피부암 , 중증이외의  갑상선암 , 대장점막내암 , 유방암  제외)’
 ㄴ
 ㄴ
 ㄴ
 
제 2-5 조 보험금  지급 및 보험료  납입면제 에 관한 세부규정  
 ㄴ
 ㄴ
 
제 2-7 조 보험금을  지급하지  않는 사유 
 ㄴ
 ㄴ
 
제 2-9 조 보험금  등의 지급절차  
 ㄴ
 ㄴ
 ㄴ
 
제 2-10 조의 3 “계약 전 알릴 의무 위반의  효과”에 대한 특칙 
ㄴ제 3 관 계약의  성립과  유지 및 보험료의  납입 등 
 ㄴ
 
제 2-11 조 계약의  보험기간  
 ㄴ
 
제 2-11 조의 2 “보험계약의  성립”에 대한 특칙 
 ㄴ
 ㄴ
 ㄴ
 
제 2-12 조 계약의  소멸 
 ㄴ
 
제 2-12 조의 2 “제1회 보험료  및 회사의  보장개시 ”에 대한 특칙 
 ㄴ
 
제 2-12 조의 3 “제2회 이후 보험료의  납입”에  대한 특칙 
 ㄴ
ㄴ제 4 관 계약의  해지 및 해약환급금  등 
 ㄴ
 
제 2-13 조 계약자의  임의해지  
 ㄴ
 
제 2-14 조 해약환급금  
 ㄴ
 
제 2-14 조의 2 ‘해약환급금  미지급형 (납입기간중  0%, 납입기간후  50%)’의 해약환급금  지급에  관한 사항 
ㄴ제 5 관 비흡연체형  적용에  관한 사항 
 ㄴ
 ㄴ
 
제 2-15 조 피보험자의  비흡연체형  가입자격  
 ㄴ
 
제 2-15 조의 2 흡연상태  변경통지  및 흡연상태의  변경이  있을 때의 처리 
제 1 절 공통사항  
ㄴ
 ㄴ
제 2 절 개별사항  
ㄴ
 ㄴ
ㄴ제 1 관 용어의  정의 등 
 ㄴ
 ㄴ
 
제 2-1 조 용어의  정의 
ㄴ제 2 관 보험금의  지급 및 계약자의  계약 전 알릴 의무 등 
 ㄴ
 ㄴ
 
제 2-2 조 한국표준질병·사인분류  적용 기준 
 ㄴ
 
제 2-2 조의 2 ‘특정갑상선기능저하증’의  정의 및 진단 확정 
 ㄴ
 
제 2-2 조의 3 ‘납입면제의  대상이  되는 암(기타피부암 , 중증이외의  갑상선암 , 대장점막내암 , 유방암  제외)’
 ㄴ
 ㄴ
 
제 2-4 조 보험료  납입면제  사유 
 ㄴ
 ㄴ
 
제 2-7 조 보험금을  지급하지  않는 사유 
 ㄴ
 ㄴ
 
제 2-9 조 보험금  등의 지급절차  
 ㄴ
 ㄴ
 
제 2-10 조의 3 “계약 전 알릴 의무 위반의  효과”에 대한 특칙 
ㄴ제 3 관 계약의  성립과  유지 및 보험료의  납입 등 
 ㄴ
 
제 2-11 조 계약의  보험기간  
 ㄴ
 
제 2-11 조의 2 “보험계약의  성립”에 대한 특칙 
 ㄴ
 ㄴ
 
제 2-11 조의 4 계약의  갱신 
 ㄴ
 ㄴ
 
제 2-12 조 계약의  소멸 
 ㄴ
 
제 2-12 조의 2 “제1회 보험료  및 회사의  보장개시 ”에 대한 특칙 
 ㄴ
ㄴ제 4 관 계약의 해지 및 해약환급금  등 
 ㄴ
 
제 2-13 조 계약자의  임의해지  
 ㄴ
 
제 2-14 조 해약환급금  
ㄴ제 5 관 비흡연체형  적용에  관한 사항 
 ㄴ
 ㄴ
 
제 2-15 조 피보험자의  비흡연체형  가입자격  
 ㄴ
 
제 2-15 조의 2 흡연상태  변경통지  및 흡연상태의  변경이  있을 때의 처리 
제 1 절 공통사항  
ㄴ
 ㄴ
제 2 절 개별사항  
ㄴ
 ㄴ
ㄴ제 1 관 용어의  정의 등 
 ㄴ
 ㄴ
 
제 2-1 조 용어의  정의 
ㄴ제 2 관 보험금의  지급 및 계약자의  계약 전 알릴 의무 등 
 ㄴ
 ㄴ
 
제 2-2 조의 2 ‘특정소액암 (대장점막내암  제외)’의 정의 및 진단확정  
 ㄴ
 
제 2-2 조의 3 수술의  정의와  장소 
 ㄴ
 
제 2-2 조의 4 ‘조혈모세포이식수술 ’의 정의 
 ㄴ
 
제 2-2 조의 5 ‘납입면제의  대상이  되는 암(기타피부암 , 중증이외의  갑상선암 , 대장점막내암 , 유방암  제외)’
 ㄴ
 
제 2-3 조 보험금의  지급사유  
 ㄴ
 
제 2-4 조 보험료  납입면제  사유 
 ㄴ
 
제 2-5 조 보험금  지급 및 보험료  납입면제에  관한 세부규정  
 ㄴ
 ㄴ
 
제 2-7 조 보험금을  지급하지  않는 사유 
 ㄴ
 ㄴ
 
제 2-9 조 보험금  등의 지급절차  
 ㄴ
 ㄴ
 ㄴ
 
제 2-10 조의 3 “계약 전 알릴 의무 위반의  효과”에 대한 특칙 
ㄴ제 3 관 계약의  성립과  유지 및 보험료의  납입 등 
 ㄴ
 
제 2-11 조 계약의  보험기간  
 ㄴ
 
제 2-11 조의 2 “보험계약의  성립”에 대한 특칙 
 ㄴ
 
제 2-11 조의 3 세부보장의  운영에  관한 사항 
 ㄴ
 
제 2-11 조의 4 “계약의  무효”에 대한 특칙 
 ㄴ
 ㄴ
 
제 2-11 조의 6 계약의  갱신 
 ㄴ
 ㄴ
 
제 2-12 조 계약의  소멸 
 ㄴ
 
제 2-12 조의 2 “제1회 보험료  및 회사의  보장개시 ”에 대한 특칙 
 ㄴ
 
제 2-12 조의 4 계약의  취소 
 ㄴ
ㄴ제 4 관 계약의 해지 및 해약환급금  등 
 ㄴ
 
제 2-13 조 계약자의  임의해지  
 ㄴ
 
제 2-14 조 해약환급금  
ㄴ제 5 관 비흡연체형  적용에  관한 사항 
 ㄴ
 ㄴ
 
제 2-15 조 피보험자의  비흡연체형  가입자격  
 ㄴ
 
제 2-15 조의 2 흡연상태  변경통지  및 흡연상태의  변경이  있을 때의 처리 
제 1 절 공통사항 
ㄴ
 ㄴ
제 2 절 개별사항  
ㄴ
 ㄴ
ㄴ제 1 관 용어의  정의 등 
 ㄴ
 ㄴ
 
제 2-1 조 용어의  정의 
ㄴ제 2 관 보험금의  지급 및 계약자의  계약 전 알릴 의무 등 
 ㄴ
 ㄴ
 
제 2-2 조의 2 ‘암(기타피부암 , 갑상선암  제외)’의 정의 및 진단 확정 
 ㄴ
 
제 2-2 조의 3 ‘항암약물치료 ’의 정의 
 ㄴ
 
제 2-2 조의 4 ‘특정항암호르몬치료제 ’ 및 ‘특정항암호르몬약물허가치료 ’의 정의 
 ㄴ
 
제 2-2 조의 5 ‘납입면제의  대상이  되는 암(기타피부암 , 중증이외의  갑상선암  제외)’의 정의 및 진단 확정 
 ㄴ
 ㄴ
 
제 2-4 조 보험료  납입면제  사유 
 ㄴ
 
제 2-5 조 보험금  지급 및 보험료  납입면제 에 관한 세부규정  
 ㄴ
 
제 2-7 조 보험금을  지급하지  않는 사유 
 ㄴ
 
제 2-8 조 사고증명서  
 ㄴ
 
제 2-9 조 보험금  등의 지급절차  
 ㄴ
 ㄴ
 ㄴ
 
제 2-10 조의 3 “계약 전 알릴 의무 위반의  효과”에 대한 특칙 
ㄴ제 3 관 계약의  성립과  유지 및 보험료의  납입 등 
 ㄴ
 
제 2-11 조 계약의 보험기간  
 ㄴ
 
제 2-11 조의 2 “보험계약의  성립”에 대한 특칙 
 ㄴ
 
제 2-11 조의 3 '계약의 무효'에 대한 특칙 
 ㄴ
 ㄴ
 
제 2-11 조의 5 계약의  갱신 
 ㄴ
 ㄴ
 
제 2-12 조 계약의  소멸 
 ㄴ
 
제 2-12 조의 2 “제1회 보험료  및 회사의  보장개시 ”에 대한 특칙 
 ㄴ
 ㄴ
 
제 2-12 조의 4 계약의 취소 
 ㄴ
ㄴ제 4 관 계약의  해지 및 해약환급금  등 
 ㄴ
 ㄴ
 
제 2-14 조 해약환급금  
ㄴ제 5 관 비흡연체형  적용에  관한 사항 
 ㄴ
 ㄴ
 
제 2-15 조 피보험자의  비흡연체형  가입자격  
 ㄴ
 
제 2-15 조의 2 흡연상태  변경통지  및 흡연상태의  변경이  있을 때의 처리 
제 1 절 공통사항 
ㄴ
 ㄴ
제 2 절 개별사항  
ㄴ
 ㄴ
ㄴ제 1 관 용어의  정의 등 
 ㄴ
 ㄴ
 
제 2-1 조 용어의  정의 
ㄴ제 2 관 보험금의  지급 및 계약자의  계약 전 알릴 의무 등 
 ㄴ
 ㄴ
 
제 2-2 조의 2 ‘암’의 정의 및 진단 확정 
 ㄴ
 
제 2-2 조의 3 ‘암(기타피부암  및 갑상선암  제외)’의 정의 및 진단 확정 
 ㄴ
 
제 2-2 조의 4 ‘납입면제의  대상이  되는 암(기타피부암 , 중증이외의  갑상선암  제외)’의 정의 및 진단 확정 
 ㄴ
 
제 2-2 조의 5 ‘항암약물치료 ’의 정의 
 ㄴ
 ㄴ
 
제 2-3 조 보험금의  지급사유  
 ㄴ
 
제 2-4 조 보험료  납입면제  사유 
 ㄴ
 
제 2-5 조 보험금  지급 및 보험료  납입면제 에 관한 세부규정  
 ㄴ
 ㄴ
 
제 2-7 조 보험금을  지급하지  않는 사유 
 ㄴ
 ㄴ
 
제 2-9 조 보험금  등의 지급절차  
 ㄴ
 ㄴ
 ㄴ
 
제 2-10 조의 3 “계약 전 알릴 의무 위반의  효과”에 대한 특칙 
ㄴ제 3 관 계약의 성립과  유지 및 보험료의  납입 등 
 ㄴ
 
제 2-11 조 계약의  보험기간  
 ㄴ
 
제 2-11 조의 2 “보험계약의  성립”에 대한 특칙 
 ㄴ
 
제 2-11 조의 3 세부보장의  운영에  관한 사항 
 ㄴ
 
제 2-11 조의 4 “계약의  무효”에 대한 특칙 
 ㄴ
 ㄴ
 
제 2-11 조의 6 계약의  갱신 
 ㄴ
 ㄴ
 
제 2-12 조 계약의  소멸 
 ㄴ
 
제 2-12 조의 2 “제1회 보험료  및 회사의  보장개시 ”에 대한 특칙 
 ㄴ
 ㄴ
 
제 2-12 조의 4 계약의  취소 
 ㄴ
ㄴ제 4 관 계약의 해지 및 해약환급금  등 
 ㄴ
 
제 2-13 조 계약자의  임의해지  
 ㄴ
 
제 2-14 조 해약환급금  
ㄴ제 5 관 비흡연체형  적용에  관한 사항 
 ㄴ
 ㄴ
 
제 2-15 조 피보험자의  비흡연체형  가입자격  
 ㄴ
 
제 2-15 조의 2 흡연상태  변경통지  및 흡연상태의  변경이  있을 때의 처리 
제 1 절 공통사항 
ㄴ
 ㄴ
제 2 절 개별사항  
ㄴ
 ㄴ
ㄴ제 1 관 용어의  정의 등 
 ㄴ
 ㄴ
 
제 2-1 조 용어의  정의 
ㄴ제 2 관 보험금의  지급 및 계약자의  계약 전 알릴 의무 등 
 ㄴ
 ㄴ
 
제 2-2 조 한국표준질병·사인분류  적용 기준 
 ㄴ
 
제 2-2 조의 2 ‘암(기타피부암  및 갑상선암  제외)’의 정의 및 진단 확정 
 ㄴ
 
제 2-2 조의 3 ‘기타피부암 ’의 정의 및 진단확정  
 ㄴ
 
제 2-2 조의 4 ‘갑상선 암’의 정의 및 진단확정  
 ㄴ
 
제 2-2 조의 5 ‘납입면제의  대상이  되는 암(기타피부암 , 중증이외의  갑상선암  제외)’의 정의 및 진단 확정 
 ㄴ
 
제 2-2 조의 6 ‘항암약물치료 ’의 정의 
 ㄴ
 ㄴ
 
제 2-3 조 보험금의  지급사유  
 ㄴ
 ㄴ
 
제 2-5 조 보험금  지급 및 보험료  납입면제 에 관한 세부규정  
 ㄴ
 ㄴ
 
제 2-7 조 보험금을  지급하지  않는 사유 
 ㄴ
 
제 2-9 조 보험금  등의 지급절차  
 ㄴ
 ㄴ
 ㄴ
 
제 2-10 조의 3 “계약 전 알릴 의무 위반의  효과”에 대한 특칙 
ㄴ제 3 관 계약의 성립과  유지 및 보험료의  납입 등 
 ㄴ
 
제 2-11 조 계약의  보험기간  
 ㄴ
 
제 2-11 조의 2 “보험계약의  성립”에 대한 특칙 
 ㄴ
 
제 2-11 조의 3 세부보장의  운영에  관한 사항 
 ㄴ
 
제 2-11 조의 4 “계약의  무효”에 대한 특칙 
 ㄴ
 ㄴ
 
제 2-12 조 계약의  소멸 
 ㄴ
 
제 2-12 조의 2 “제1회 보험료  및 회사의  보장개시 ”에 대한 특칙 
 ㄴ
 
제 2-12 조의 4 “보험료의  납입연체로  인하여  해지된  계약의 부활(효력회복 )”에 대한 특칙 
ㄴ제 4 관 계약의 해지 및 해약환급금  등 
 ㄴ
 
제 2-13 조 계약자의  임의해지  
 ㄴ
 
제 2-14 조 해약환급금  
 ㄴ
 
제 2-14 조의 2 ‘해약환급금  미지급형 (납입기간중  0%, 납입기간후  50%)’의 해약환급금  지급에  관한 사항 
ㄴ제 5 관 비흡연체형  적용에  관한 사항 
 ㄴ
 ㄴ
 
제 2-15 조 피보험자의  비흡연체형  가입자격  
 ㄴ
 
제 2-15 조의 2 흡연상태  변경통지  및 흡연상태의  변경이  있을 때의 처리 
제 1 절 공통사항 
ㄴ
 ㄴ
제 2 절 개별사항  
ㄴ
 ㄴ
ㄴ제 1 관 용어의  정의 등 
 ㄴ
 ㄴ
 
제 2-1 조 용어의  정의 
ㄴ제 2 관 보험금의  지급 및 계약자의  계약 전 알릴 의무 등 
 ㄴ
 ㄴ
 
제 2-2 조의 2 ‘암’의 정의 및 진단 확정 
 ㄴ
 
제 2-2 조의 3 ‘암(기타피부암  및 갑상선암  제외)’의 정의 및 진단 확정 
 ㄴ
 
제 2-2 조의 4 ‘납입면제의  대상이  되는 암(기타피부암 , 중증이외의  갑상선암  제외)’의 정의 및 진단 확정 
 ㄴ
 
제 2-2 조의 5 ‘항암약물치료 ’의 정의 
 ㄴ
 ㄴ
 
제 2-2 조의 7 ‘표적항암제 ’ 및 ‘표적항암약물허가치료 ’의 정의 
 ㄴ
 
제 2-2 조의 9 ‘항암세기조절방사선치료 ’의 정의 
 ㄴ
 
제 2-2 조의 10 ‘항암양성자방사선치료 ’의 정의 
 ㄴ
 
제 2-2 조의 11 ‘항암정위적방사선치료 ’의 정의 
 ㄴ
 
제 2-4 조 보험료  납입면제  사유 
 ㄴ
 
제 2-5 조 보험금  지급 및 보험료  납입면제 에 관한 세부규정  
 ㄴ
 ㄴ
 
제 2-7 조 보험금을  지급하지  않는 사유 
 ㄴ
 
제 2-8 조 사고증명서  
 ㄴ
 
제 2-9 조 보험금  등의 지급절차  
 ㄴ
 ㄴ
 ㄴ
 
제 2-10 조의 3 “계약 전 알릴 의무 위반의  효과”에 대한 특칙 
ㄴ제 3 관 계약의 성립과  유지 및 보험료의  납입 등 
 ㄴ
 
제 2-11 조 계약의  보험기간  
 ㄴ
 
제 2-11 조의 2 “보험계약의  성립”에 대한 특칙 
 ㄴ
 
제 2-11 조의 3 세부보장의  운영에  관한 사항 
 ㄴ
 
제 2-11 조의 4 “계약의  무효”에 대한 특칙 
 ㄴ
 ㄴ
 
제 2-11 조의 6 계약의  갱신 
 ㄴ
 ㄴ
 
제 2-12 조 계약의  소멸 
 ㄴ
 
제 2-12 조의 2 “제1회 보험료  및 회사의  보장개시 ”에 대한 특칙 
 ㄴ
 ㄴ
 
제 2-12 조의 4 계약의  취소 
ㄴ제 4 관 계약의 해지 및 해약환급금  등 
 ㄴ
 
제 2-13 조 계약자의  임의해지  
 ㄴ
 
제 2-14 조 해약환급금  
ㄴ제 5 관 비흡연체형  적용에  관한 사항 
 ㄴ
 ㄴ
 
제 2-15 조 피보험자의  비흡연체형  가입자격  
 ㄴ
 
제 2-15 조의 2 흡연상태  변경통지  및 흡연상태의  변경이  있을 때의 처리 
제 1 절 공통사항  
ㄴ
 ㄴ
제 2 절 개별사항  
ㄴ
 ㄴ
ㄴ제 1 관 용어의  정의 등 
 ㄴ
 ㄴ
 
제 2-1 조 용어의  정의 
ㄴ제 2 관 보험금의  지급 및 계약자의  계약 전 알릴 의무 등 
 ㄴ
 ㄴ
 
제 2-2 조의 2 ‘호흡기암 ’의 정의 및 진단 확정 
 ㄴ
 
제 2-2 조의 3 ‘납입면제의  대상이  되는 암(기타피부암 , 중증이외의  갑상선암 , 대장점막내암 , 유방암  제외)’
 ㄴ
 ㄴ
 
제 2-4 조 보험료  납입면제  사유 
 ㄴ
 
제 2-5 조 보험금  지급 및 보험료  납입면제에  관한 세부규정  
 ㄴ
 ㄴ
 
제 2-7 조 보험금을  지급하지  않는 사유 
 ㄴ
 ㄴ
 
제 2-9 조 보험금  등의 지급절차  
 ㄴ
 ㄴ
 ㄴ
 
제 2-10 조의 3 “계약 전 알릴 의무 위반의  효과”에 대한 특칙 
ㄴ제 3 관 계약의 성립과  유지 및 보험료의  납입 등 
 ㄴ
 
제 2-11 조 계약의 보험기간  
 ㄴ
 
제 2-11 조의 2 “보험계약의  성립”에 대한 특칙 
 ㄴ
 ㄴ
 ㄴ
 
제 2-11 조의 5 계약의  갱신 
 ㄴ
 ㄴ
 
제 2-12 조 계약의  소멸 
 ㄴ
 
제 2-12 조의 2 “제1회 보험료  및 회사의  보장개시 ”에 대한 특칙 
 ㄴ
 ㄴ
 
제 2-12 조의 4 계약의  취소 
 ㄴ
ㄴ제 4 관 계약의 해지 및 해약환급금  등 
 ㄴ
 ㄴ
 
제 2-13 조 계약자의  임의해지  
ㄴ제 5 관 비흡연체형  적용에  관한 사항 
 ㄴ
 ㄴ
 
제 2-15 조 피보험자의  비흡연체형  가입자격  
 ㄴ
 
제 2-15 조의 2 흡연상태  변경통지  및 흡연상태의  변경이  있을 때의 처리 
 ㄴ
 ㄴ
 
제 2 조 용어의  정의 
 ㄴ
 
제 3 조 특약의  적용범위  
 ㄴ
 ㄴ
 
제 5 조 단체취급특약의  소멸 
 ㄴ
 
제 7 조 보험요율의  적용 
 ㄴ
 
제 8 조 주계약  약관의  준용 
ㄴ제 1 관 용어의  정의 
 ㄴ
 
제 1 조 목적 
 ㄴ
 
제 2 조 용어의  정의 
 ㄴ
ㄴ제 3 관 통합체결계약 의 체결 및 운영 
 ㄴ
 ㄴ
 
제 4 조 통합체결계약 의 체결 
 ㄴ
 ㄴ
 ㄴ
 
제 7 조 통합체결계약  내용의  변경 
 ㄴ
ㄴ제 4 관 기타사항  
 ㄴ
 
제 9 조 준용규정  
 ㄴ
 
제 2 조 용어의  정의 
 ㄴ
 
제 3 조 특약의  성립 
 ㄴ
 ㄴ
 
제 5 조 제출서류  
 ㄴ
 
제 6 조 장애인전용보험으로의  전환 
 ㄴ
 
제 8 조 준용규정 
ㄴ제 1 관 용어의  정의 
 ㄴ
 
제 1 조 목적 
 ㄴ
 
제 2 조 용어의  정의 
ㄴ제 2 관 보험금의  지급 
 ㄴ
 ㄴ
 
제 3 조 보험금의  청구 
 ㄴ
 
제 4 조 보험금의  지급절차 
ㄴ제 3 관 특약의 성립과  유지 
 ㄴ
 
제 6 조 특약의  소멸 
ㄴ제 4 관 지정대리청구인의  지정 
 ㄴ
 ㄴ
 
제 7 조 지정대리청구인의  지정 
 ㄴ
ㄴ제 5 관 기타사항  
 ㄴ
 
제 9 조 준용규정  
 ㄴ
 
제 2 조 용어의  정의 
 ㄴ
 
제 3 조 한국표준질병 ∙사인분류  적용기준  
 ㄴ
 
제 4 조 특약면책조건의  내용 
 ㄴ
 ㄴ
 
제 6 조 특약의  소멸 
 ㄴ
 ㄴ
 
제 8 조 해지특약의  부활(효력회복 ) 
 ㄴ
 
제 9 조 해당계약 약관의  준용 
 ㄴ
 ㄴ
 
제 2 조 용어의  정의 
 ㄴ
 ㄴ
 
제 4 조 특약의  부가조건   
 ㄴ
 ㄴ
 
제 6 조 특약내용의  변경  
 ㄴ
 ㄴ
 
제 8 조 특약의 소멸 
 ㄴ
 ㄴ
 
제 11 조 피보험자의  건강상태의  변경에  따른 특약의  해지 
 ㄴ
 
제 12 조 해당계약 약관의  준용  
 ㄴ
 
제2조(정의) 
 ㄴ
 
제15조(개인정보의  수집ㆍ이용 ) 
 ㄴ
 
제17조(개인정보의  제공) 
 ㄴ
 
제22조(동의를  받는 방법) 
 ㄴ
 
제23조(민감정보의  처리 제한) 
 ㄴ
 
제24조(고유식별정보의  처리 제한) 
 ㄴ
 
제24조의2(주민등록번호  처리의  제한)  
 ㄴ
 ㄴ
 
제2조(공휴일 )  
 ㄴ
 
제3조(대체공휴일 )  
 ㄴ
 ㄴ
 
제42조(진료) 
 ㄴ
 
제5조(적용 대상 등) 
 ㄴ
 
제41조(요양급여 ) 
 ㄴ
 
제41조의2(약제에 대한 요양급여비용  상한금액의  감액 등)  
 ㄴ
 
제42조(요양기관 )  
 ㄴ
 
제53조(급여의  제한)  
 ㄴ
 
제54조(급여의  정지) 
 ㄴ
 
제9조 (비급여대상 ) 
 ㄴ
 ㄴ
 
제2조(정의)  
 ㄴ
 
제42조(소액분쟁사건에  관한 특례)  
 ㄴ
 
제47조(위법계약의  해지)  
 ㄴ
 
제23조(장기요양급여의  종류) 
 ㄴ
 
제29조(장기요양급여의  제한)  
 ㄴ
 ㄴ
 
제15조(보건진료소의  설치·운영 ) 
 ㄴ
 
제2조(정의) 
 ㄴ
 
제17조(의료지원 ) 
 ㄴ
 
제38조(공시대상기업집단  및 상호출자제한기업집단의  지정 등) 
 ㄴ
 ㄴ
 ㄴ
 
제1000조(상속의  순위) 
 ㄴ
 
제1-2조(정의)  
 ㄴ
 
제1-4조의2(전문보험계약자의  범위)  
 ㄴ
 
제7-49조(사업방법서  관련 신고기준 ) 
 ㄴ
 
제2조(정의)  
 ㄴ
 
제108조(특별계정의  설정ㆍ운용 ) 
 ㄴ
 
제6조의2(전문보험계약자의  범위 등)  
 ㄴ
 
제47조(운동기능장해의  측정) 
 ㄴ
 
제651조(고지의무위반으로  인한 계약해지 ) 
 ㄴ
 
제14조(과세표준의  계산)  
 ㄴ
 
제20조의3(연금소득 ) 
 ㄴ
 ㄴ
 
제44조(상속의  경우의  소득금액의  구분 계산) 
 ㄴ
 
제47조의2(연금소득공제 ) 
 ㄴ
 
제51조의3(연금보험료공제 ) 
 ㄴ
 
제59조의3(연금계좌세액공제 ) 
 ㄴ
 
제59조의4(특별세액공제 ) 
 ㄴ
 
제20조의2(의료 목적 또는 부득이한  인출의  요건 등) 
 ㄴ
 
제40조의2(연금계좌  등) 
 ㄴ
 
제40조의3(연금계좌의  인출순서  등) 
 ㄴ
 
제40조의4(연금계좌 의 이체) 
 ㄴ
 
제100조의2(연금계좌 의 승계 등) 
 ㄴ
 ㄴ
 
제2조(정의)  
 ㄴ
 
제9조(등록) 
 ㄴ
 
제32조(개인신용정보의  제공·활용에  대한 동의) 
 ㄴ
 
제33조(개인신용정보의  이용) 
 ㄴ
 
제2조(정의) 
 ㄴ
 
제31조(보험금  등의 지급) 
 ㄴ
 
제32조(보험금의  계산 등)  
 ㄴ
 
제3조(예금등의  범위) 
 ㄴ
 
제18조(보험금의  계산방법의  예외 등)  
 ㄴ
 
제10조(어린이집의  종류) 
 ㄴ
 
제2조(정의) 
 ㄴ
 
제2조(정의) 
 ㄴ
 
제26조(권역응급의료센터의  지정) 
 ㄴ
 ㄴ
 ㄴ
 
제4조(적용 배제) 
 ㄴ
 
제15조(의료급여의  제한) 
 ㄴ
 
제17조(의료급여의  중지 등) 
 ㄴ
 
제13조(급여비용의  부담) 
 ㄴ
 
제2조(의료인 ) 
 ㄴ
 
제3조(의료기관 ) 
 ㄴ
 
제3조의4(상급종합병원  지정) 
 ㄴ
 
제4조의2(간호·간병통합서비스  제공 등) 
 ㄴ
 
제5조(의사ㆍ치과의사  및 한의사  면허) 
 ㄴ
 
제33조(개설 등) 
 ㄴ
 
제36조(준수사항 ) 
 ㄴ
 
제34조(의료기관의  시설기준  및 규격) 
 ㄴ
 
제3조(자동차의  종류) 
 ㄴ
 ㄴ
 
제88조(자산운용보고서의  교부) 
 ㄴ
 
제188조(신탁계약의  체결 등)  
 ㄴ
 
제93조(수시공시의  방법 등) 
 ㄴ
 
제4조(정의)  
 ㄴ
 
제42조(장기등의  적출ㆍ이식  비용의  부담 등) 
 ㄴ
 
제2조(정의)  
 ㄴ
 
제16조(활동지원급여의  종류 등) 
 ㄴ
 
제2조(정의) 
 ㄴ
 
제88조의2(비과세종합저축에  대한 과세특례 ) 
 ㄴ
 
제10조(보건소의  설치) 
 ㄴ
 
제13조(보건지소의  설치) 
 ㄴ
 
제2조(학교의  종류) 
 ㄴ
 
제18조(통계작성의  승인) 
 ㄴ
 
제2조(폭행 등) 
 ㄴ
 
제4조(단체 등의 구성∙ 활동) 
 ㄴ
 ㄴ
 
제16조(환자가  임종과정에  있는지  여부에  대한 판단) 
 ㄴ
 
제17조(환자의  의사 확인)  
 ㄴ
 
제18조(환자의  의사를  확인할  수 없는 경우의  연명의료중단등결정 ) 
 ㄴ
 
제19조(연명의료중단등결정의  이행 등) 
 ㄴ
 
제2조(정의) 
